<?xml version="1.0" encoding="UTF-8"?>
<!-- Generated by org.testng.reporters.JUnitReportReporter -->
<testsuite hostname="DESKTOP-V7PNRA7" failures="0" tests="7" name="tests.TC05_RegisterUserWithAnExistingEmail" time="29.530" errors="0" timestamp="2023-06-13T15:41:00 CST" skipped="0">
  <testcase classname="tests.TC05_RegisterUserWithAnExistingEmail" name="S001_GoWebpage" time="4.080"/>
  <system-out>
    <![CDATA[The webpage loads correctly<br>]]>
  </system-out>
  <testcase classname="tests.TC05_RegisterUserWithAnExistingEmail" name="S002_CreateUser" time="10.410"/>
  <system-out>
    <![CDATA[The account is created<br>]]>
  </system-out>
  <testcase classname="tests.TC05_RegisterUserWithAnExistingEmail" name="S003_LoginName" time="3.313"/>
  <system-out>
    <![CDATA[The name is showed<br>]]>
  </system-out>
  <testcase classname="tests.TC05_RegisterUserWithAnExistingEmail" name="S007_Logout" time="0.885"/>
  <system-out>
    <![CDATA[The Login form appears<br>]]>
  </system-out>
  <testcase classname="tests.TC05_RegisterUserWithAnExistingEmail" name="S005_GoHome" time="2.935"/>
  <system-out>
    <![CDATA[The webpage loads correctly<br>]]>
  </system-out>
  <testcase classname="tests.TC05_RegisterUserWithAnExistingEmail" name="S006_GoLogin" time="4.714"/>
  <system-out>
    <![CDATA[Login correctly<br>]]>
  </system-out>
  <testcase classname="tests.TC05_RegisterUserWithAnExistingEmail" name="S007_TypeEmail" time="3.193"/>
  <system-out>
    <![CDATA[The error message was displayed Succesfull<br>]]>
  </system-out>
</testsuite> <!-- tests.TC05_RegisterUserWithAnExistingEmail -->
