<?xml version="1.0" encoding="UTF-8"?>
<!-- Generated by org.testng.reporters.JUnitReportReporter -->
<testsuite hostname="DESKTOP-V7PNRA7" failures="0" tests="9" name="tests.TC04_LogoutUser" time="23.507" errors="0" timestamp="2023-06-14T12:38:29 CST" skipped="0">
  <testcase classname="tests.TC04_LogoutUser" name="S001_GoWebpage" time="3.047"/>
  <system-out>
    <![CDATA[The webpage loads correctly<br>]]>
  </system-out>
  <testcase classname="tests.TC04_LogoutUser" name="S002_CreateUser" time="8.829"/>
  <system-out>
    <![CDATA[The account is created<br>]]>
  </system-out>
  <testcase classname="tests.TC04_LogoutUser" name="S003_LoginName" time="2.208"/>
  <system-out>
    <![CDATA[The name is showed<br>]]>
  </system-out>
  <testcase classname="tests.TC04_LogoutUser" name="S004_Logout" time="1.958"/>
  <system-out>
    <![CDATA[The Login form appears<br>]]>
  </system-out>
  <testcase classname="tests.TC04_LogoutUser" name="S005_GoHome" time="2.487"/>
  <system-out>
    <![CDATA[The webpage loads correctly<br>]]>
  </system-out>
  <testcase classname="tests.TC04_LogoutUser" name="S006_GoLogin" time="1.403"/>
  <system-out>
    <![CDATA[Login correctly<br>]]>
  </system-out>
  <testcase classname="tests.TC04_LogoutUser" name="S007_TypeEmail" time="2.290"/>
  <system-out>
    <![CDATA[The Login was Succesfull<br>]]>
  </system-out>
  <testcase classname="tests.TC04_LogoutUser" name="S008_LoginName" time="0.031"/>
  <system-out>
    <![CDATA[The name is showed<br>]]>
  </system-out>
  <testcase classname="tests.TC04_LogoutUser" name="S009_Logout" time="1.254"/>
  <system-out>
    <![CDATA[Login correctly<br>]]>
  </system-out>
</testsuite> <!-- tests.TC04_LogoutUser -->
