<?xml version="1.0" encoding="UTF-8"?>
<!-- Generated by org.testng.reporters.JUnitReportReporter -->
<testsuite hostname="DESKTOP-V7PNRA7" failures="0" tests="14" name="tests.TC20_SearchProductsandVerifyCart" time="57.566" errors="0" timestamp="2023-06-12T14:02:56 CST" skipped="0">
  <testcase classname="tests.TC20_SearchProductsandVerifyCart" name="S001_MainPage" time="4.530"/>
  <system-out>
    <![CDATA[The webpage loads correctly<br>]]>
  </system-out>
  <testcase classname="tests.TC20_SearchProductsandVerifyCart" name="S002_CreateUser" time="11.510"/>
  <system-out>
    <![CDATA[The account is created<br>]]>
  </system-out>
  <testcase classname="tests.TC20_SearchProductsandVerifyCart" name="S003_LoginName" time="4.853"/>
  <system-out>
    <![CDATA[The name is showed<br>]]>
  </system-out>
  <testcase classname="tests.TC20_SearchProductsandVerifyCart" name="S004_Logout" time="1.887"/>
  <system-out>
    <![CDATA[The Login form appears<br>]]>
  </system-out>
  <testcase classname="tests.TC20_SearchProductsandVerifyCart" name="S005_ProductsClick" time="17.818"/>
  <system-out>
    <![CDATA[The Products page loads correctly<br>]]>
  </system-out>
  <testcase classname="tests.TC20_SearchProductsandVerifyCart" name="S006_SearchItemDisplayed" time="0.044"/>
  <system-out>
    <![CDATA[Search input was displayed <br>]]>
  </system-out>
  <testcase classname="tests.TC20_SearchProductsandVerifyCart" name="S007_SearchItem" time="3.970"/>
  <system-out>
    <![CDATA[Item searched matches with the item displayed <br>]]>
  </system-out>
  <testcase classname="tests.TC20_SearchProductsandVerifyCart" name="S008_AddToTheCart" time="1.431"/>
  <system-out>
    <![CDATA[Item Added Correctly  <br>]]>
  </system-out>
  <testcase classname="tests.TC20_SearchProductsandVerifyCart" name="S009_ViewCart" time="2.584"/>
  <system-out>
    <![CDATA[Summary page displayed <br>]]>
  </system-out>
  <testcase classname="tests.TC20_SearchProductsandVerifyCart" name="S010_VerifyItems" time="0.031"/>
  <system-out/>
  <testcase classname="tests.TC20_SearchProductsandVerifyCart" name="S011_GoLogin" time="1.467"/>
  <system-out>
    <![CDATA[Login correctly<br>]]>
  </system-out>
  <testcase classname="tests.TC20_SearchProductsandVerifyCart" name="S012_Summary" time="5.177"/>
  <system-out>
    <![CDATA[The form appears<br>]]>
  </system-out>
  <testcase classname="tests.TC20_SearchProductsandVerifyCart" name="S013_ViewCartAfterLogin" time="2.168"/>
  <system-out>
    <![CDATA[Summary page displayed <br>]]>
  </system-out>
  <testcase classname="tests.TC20_SearchProductsandVerifyCart" name="S014_VerifyItemsAfterLogin" time="0.096"/>
  <system-out/>
</testsuite> <!-- tests.TC20_SearchProductsandVerifyCart -->
