<?xml version="1.0" encoding="UTF-8"?>
<!-- Generated by org.testng.reporters.JUnitReportReporter -->
<testsuite hostname="DESKTOP-V7PNRA7" failures="0" tests="14" name="tests.TC15_PlaceOrderAlreadyRegister" time="47.012" errors="0" timestamp="2023-06-13T15:41:00 CST" skipped="0">
  <testcase classname="tests.TC15_PlaceOrderAlreadyRegister" name="S001_GoWebpage" time="3.240"/>
  <system-out>
    <![CDATA[The webpage loads correctly<br>]]>
  </system-out>
  <testcase classname="tests.TC15_PlaceOrderAlreadyRegister" name="S002_CreateUser" time="10.885"/>
  <system-out>
    <![CDATA[The account is created<br>]]>
  </system-out>
  <testcase classname="tests.TC15_PlaceOrderAlreadyRegister" name="S003_LoginName" time="3.114"/>
  <system-out>
    <![CDATA[The name is showed<br>]]>
  </system-out>
  <testcase classname="tests.TC15_PlaceOrderAlreadyRegister" name="S002_ProductsClick" time="7.158"/>
  <system-out>
    <![CDATA[The Products page loads correctly<br>]]>
  </system-out>
  <testcase classname="tests.TC15_PlaceOrderAlreadyRegister" name="S003_AddToTheCart" time="1.990"/>
  <system-out>
    <![CDATA[Item Added Correctly  <br>]]>
  </system-out>
  <testcase classname="tests.TC15_PlaceOrderAlreadyRegister" name="S004_ContinueShopping" time="0.100"/>
  <system-out>
    <![CDATA[Continue Shopping  <br>]]>
  </system-out>
  <testcase classname="tests.TC15_PlaceOrderAlreadyRegister" name="S005_AddToTheCart2" time="0.832"/>
  <system-out>
    <![CDATA[Item Added Correctly  <br>]]>
  </system-out>
  <testcase classname="tests.TC15_PlaceOrderAlreadyRegister" name="S006_ViewCart" time="5.847"/>
  <system-out>
    <![CDATA[Summary page displayed <br>]]>
  </system-out>
  <testcase classname="tests.TC15_PlaceOrderAlreadyRegister" name="S007_VerifyItems" time="0.050"/>
  <system-out/>
  <testcase classname="tests.TC15_PlaceOrderAlreadyRegister" name="S008_Summary" time="3.690"/>
  <system-out>
    <![CDATA[address page displayed <br>]]>
  </system-out>
  <testcase classname="tests.TC15_PlaceOrderAlreadyRegister" name="S008_VerifyTotal" time="0.453"/>
  <system-out/>
  <testcase classname="tests.TC15_PlaceOrderAlreadyRegister" name="S010_Comment" time="3.140"/>
  <system-out>
    <![CDATA[shipping page displayed and terms accepted <br>]]>
  </system-out>
  <testcase classname="tests.TC15_PlaceOrderAlreadyRegister" name="S011_ProcedToOrderComplete" time="3.707"/>
  <system-out>
    <![CDATA[payment added correctly <br>]]>
  </system-out>
  <testcase classname="tests.TC15_PlaceOrderAlreadyRegister" name="S021_DeleteAccount" time="2.806"/>
  <system-out>
    <![CDATA[The account is deleted<br>]]>
  </system-out>
</testsuite> <!-- tests.TC15_PlaceOrderAlreadyRegister -->
