<?xml version="1.0" encoding="UTF-8"?>
<!-- Generated by org.testng.reporters.JUnitReportReporter -->
<testsuite hostname="DESKTOP-V7PNRA7" failures="0" tests="17" name="tests.TC16_PlaceOrderJustLogin" time="52.114" errors="0" timestamp="2023-06-13T15:41:00 CST" skipped="0">
  <testcase classname="tests.TC16_PlaceOrderJustLogin" name="S001_GoWebpage" time="4.388"/>
  <system-out>
    <![CDATA[The webpage loads correctly<br>]]>
  </system-out>
  <testcase classname="tests.TC16_PlaceOrderJustLogin" name="S002_CreateUser" time="12.675"/>
  <system-out>
    <![CDATA[The account is created<br>]]>
  </system-out>
  <testcase classname="tests.TC16_PlaceOrderJustLogin" name="S004_Logout" time="7.165"/>
  <system-out>
    <![CDATA[The Login form appears<br>]]>
  </system-out>
  <testcase classname="tests.TC16_PlaceOrderJustLogin" name="S006_GoLogin" time="1.469"/>
  <system-out>
    <![CDATA[Login correctly<br>]]>
  </system-out>
  <testcase classname="tests.TC16_PlaceOrderJustLogin" name="S007_TypeEmail" time="2.662"/>
  <system-out>
    <![CDATA[The Login was Succesfull<br>]]>
  </system-out>
  <testcase classname="tests.TC16_PlaceOrderJustLogin" name="S008_LoginName" time="0.082"/>
  <system-out>
    <![CDATA[The name is showed<br>]]>
  </system-out>
  <testcase classname="tests.TC16_PlaceOrderJustLogin" name="S007_ProductsClick" time="8.969"/>
  <system-out>
    <![CDATA[The Products page loads correctly<br>]]>
  </system-out>
  <testcase classname="tests.TC16_PlaceOrderJustLogin" name="S003_AddToTheCart" time="2.816"/>
  <system-out>
    <![CDATA[Item Added Correctly  <br>]]>
  </system-out>
  <testcase classname="tests.TC16_PlaceOrderJustLogin" name="S004_ContinueShopping" time="0.086"/>
  <system-out>
    <![CDATA[Continue Shopping  <br>]]>
  </system-out>
  <testcase classname="tests.TC16_PlaceOrderJustLogin" name="S005_AddToTheCart2" time="0.664"/>
  <system-out>
    <![CDATA[Item Added Correctly  <br>]]>
  </system-out>
  <testcase classname="tests.TC16_PlaceOrderJustLogin" name="S006_ViewCart" time="1.311"/>
  <system-out>
    <![CDATA[Summary page displayed <br>]]>
  </system-out>
  <testcase classname="tests.TC16_PlaceOrderJustLogin" name="S007_VerifyItems" time="0.052"/>
  <system-out/>
  <testcase classname="tests.TC16_PlaceOrderJustLogin" name="S008_Summary" time="1.597"/>
  <system-out>
    <![CDATA[address page displayed <br>]]>
  </system-out>
  <testcase classname="tests.TC16_PlaceOrderJustLogin" name="S008_VerifyTotal" time="0.322"/>
  <system-out/>
  <testcase classname="tests.TC16_PlaceOrderJustLogin" name="S010_Comment" time="2.115"/>
  <system-out>
    <![CDATA[shipping page displayed and terms accepted <br>]]>
  </system-out>
  <testcase classname="tests.TC16_PlaceOrderJustLogin" name="S011_ProcedToOrderComplete" time="3.446"/>
  <system-out>
    <![CDATA[payment added correctly <br>]]>
  </system-out>
  <testcase classname="tests.TC16_PlaceOrderJustLogin" name="S021_DeleteAccount" time="2.295"/>
  <system-out>
    <![CDATA[The account is deleted<br>]]>
  </system-out>
</testsuite> <!-- tests.TC16_PlaceOrderJustLogin -->
