<?xml version="1.0" encoding="UTF-8"?>
<!-- Generated by org.testng.reporters.JUnitReportReporter -->
<testsuite hostname="DESKTOP-V7PNRA7" failures="0" tests="3" name="tests.TC19_ViewAndCart" time="4.524" errors="0" timestamp="2023-06-12T09:56:26 CST" skipped="0">
  <testcase classname="tests.TC19_ViewAndCart" name="S001_GoWebpage" time="1.960"/>
  <system-out>
    <![CDATA[The webpage loads correctly<br>]]>
  </system-out>
  <testcase classname="tests.TC19_ViewAndCart" name="S002_ClickBRand" time="2.257"/>
  <system-out/>
  <testcase classname="tests.TC19_ViewAndCart" name="S003_ClickBrandAgain" time="0.307"/>
  <system-out/>
</testsuite> <!-- tests.TC19_ViewAndCart -->
