<?xml version="1.0" encoding="UTF-8"?>
<!-- Generated by org.testng.reporters.JUnitReportReporter -->
<testsuite hostname="DESKTOP-V7PNRA7" failures="0" tests="7" name="tests.TC05_RegisterUserWithAnExistingEmail" time="24.301" errors="0" timestamp="2023-06-14T12:38:29 CST" skipped="0">
  <testcase classname="tests.TC05_RegisterUserWithAnExistingEmail" name="S001_GoWebpage" time="3.324"/>
  <system-out>
    <![CDATA[The webpage loads correctly<br>]]>
  </system-out>
  <testcase classname="tests.TC05_RegisterUserWithAnExistingEmail" name="S002_CreateUser" time="8.041"/>
  <system-out>
    <![CDATA[The account is created<br>]]>
  </system-out>
  <testcase classname="tests.TC05_RegisterUserWithAnExistingEmail" name="S003_LoginName" time="2.528"/>
  <system-out>
    <![CDATA[The name is showed<br>]]>
  </system-out>
  <testcase classname="tests.TC05_RegisterUserWithAnExistingEmail" name="S004_Logout" time="3.025"/>
  <system-out>
    <![CDATA[The Login form appears<br>]]>
  </system-out>
  <testcase classname="tests.TC05_RegisterUserWithAnExistingEmail" name="S005_GoHome" time="4.429"/>
  <system-out>
    <![CDATA[The webpage loads correctly<br>]]>
  </system-out>
  <testcase classname="tests.TC05_RegisterUserWithAnExistingEmail" name="S006_GoLogin" time="1.883"/>
  <system-out>
    <![CDATA[Login correctly<br>]]>
  </system-out>
  <testcase classname="tests.TC05_RegisterUserWithAnExistingEmail" name="S007_LoginAfterCreateUser" time="1.071"/>
  <system-out>
    <![CDATA[The error message was displayed Succesfull<br>]]>
  </system-out>
</testsuite> <!-- tests.TC05_RegisterUserWithAnExistingEmail -->
