<?xml version="1.0" encoding="UTF-8"?>
<!-- Generated by org.testng.reporters.JUnitReportReporter -->
<testsuite hostname="DESKTOP-V7PNRA7" failures="0" tests="9" name="tests.TC02_LoginUser" time="33.136" errors="0" timestamp="2023-06-10T21:51:08 CST" skipped="0">
  <testcase classname="tests.TC02_LoginUser" name="S001_GoWebpage" time="5.935"/>
  <system-out>
    <![CDATA[The webpage loads correctly<br>]]>
  </system-out>
  <testcase classname="tests.TC02_LoginUser" name="S002_CreateUser" time="7.796"/>
  <system-out>
    <![CDATA[The account is created<br>]]>
  </system-out>
  <testcase classname="tests.TC02_LoginUser" name="S003_LoginName" time="4.996"/>
  <system-out>
    <![CDATA[The name is showed<br>]]>
  </system-out>
  <testcase classname="tests.TC02_LoginUser" name="S004_Logout" time="1.892"/>
  <system-out>
    <![CDATA[The Login form appears<br>]]>
  </system-out>
  <testcase classname="tests.TC02_LoginUser" name="S005_GoHome" time="3.461"/>
  <system-out>
    <![CDATA[The webpage loads correctly<br>]]>
  </system-out>
  <testcase classname="tests.TC02_LoginUser" name="S006_GoLogin" time="2.270"/>
  <system-out>
    <![CDATA[Login correctly<br>]]>
  </system-out>
  <testcase classname="tests.TC02_LoginUser" name="S007_TypeEmail" time="4.628"/>
  <system-out>
    <![CDATA[The Login was Succesfull<br>]]>
  </system-out>
  <testcase classname="tests.TC02_LoginUser" name="S008_LoginName" time="0.047"/>
  <system-out>
    <![CDATA[The name is showed<br>]]>
  </system-out>
  <testcase classname="tests.TC02_LoginUser" name="S009_DeleteAccount" time="2.111"/>
  <system-out>
    <![CDATA[The account is deleted<br>]]>
  </system-out>
</testsuite> <!-- tests.TC02_LoginUser -->
