<?xml version="1.0" encoding="UTF-8"?>
<!-- Generated by org.testng.reporters.JUnitReportReporter -->
<testsuite hostname="DESKTOP-V7PNRA7" failures="0" tests="4" name="tests.TC05_SearchProduct" time="12.073" errors="0" timestamp="2023-06-08T15:55:07 CST" skipped="0">
  <testcase classname="tests.TC05_SearchProduct" name="S001_OpenWebPage" time="2.483"/>
  <system-out>
    <![CDATA[The webpage loads correctly<br>]]>
  </system-out>
  <testcase classname="tests.TC05_SearchProduct" name="S002_SelectWomen" time="1.386"/>
  <system-out/>
  <testcase classname="tests.TC05_SearchProduct" name="S003_SelectTshirt" time="1.622"/>
  <system-out>
    <![CDATA[Name displayed matches with the item searched <br>]]>
  </system-out>
  <testcase classname="tests.TC05_SearchProduct" name="S004_SearchItem" time="6.582"/>
  <system-out>
    <![CDATA[Item searched matches with the item displayed <br>]]>
  </system-out>
</testsuite> <!-- tests.TC05_SearchProduct -->
