<?xml version="1.0" encoding="UTF-8"?>
<!-- Generated by org.testng.reporters.JUnitReportReporter -->
<testsuite hostname="DESKTOP-V7PNRA7" failures="0" tests="3" name="tests.TC25_ScrollDownAndArrow" time="4.476" errors="0" timestamp="2023-06-14T17:33:26 CST" skipped="0">
  <testcase classname="tests.TC25_ScrollDownAndArrow" name="S001_MainPage" time="3.738"/>
  <system-out>
    <![CDATA[The webpage loads correctly<br>]]>
  </system-out>
  <testcase classname="tests.TC25_ScrollDownAndArrow" name="S002_SuscriptionDisplay" time="0.135"/>
  <system-out>
    <![CDATA[Subscription Input Showed Correctly  <br>]]>
  </system-out>
  <testcase classname="tests.TC25_ScrollDownAndArrow" name="S003_UpPage" time="0.603"/>
  <system-out>
    <![CDATA[The Top Page Shows correctly<br>]]>
  </system-out>
</testsuite> <!-- tests.TC25_ScrollDownAndArrow -->
