<?xml version="1.0" encoding="UTF-8"?>
<!-- Generated by org.testng.reporters.JUnitReportReporter -->
<testsuite hostname="DESKTOP-V7PNRA7" failures="0" tests="17" name="tests.TC16_PlaceOrderJustLogin" time="64.350" errors="0" timestamp="2023-06-14T00:57:02 CST" skipped="0">
  <testcase classname="tests.TC16_PlaceOrderJustLogin" name="S001_GoWebpage" time="4.080"/>
  <system-out>
    <![CDATA[The webpage loads correctly<br>]]>
  </system-out>
  <testcase classname="tests.TC16_PlaceOrderJustLogin" name="S002_CreateUser" time="12.332"/>
  <system-out>
    <![CDATA[The account is created<br>]]>
  </system-out>
  <testcase classname="tests.TC16_PlaceOrderJustLogin" name="S004_Logout" time="8.978"/>
  <system-out>
    <![CDATA[The Login form appears<br>]]>
  </system-out>
  <testcase classname="tests.TC16_PlaceOrderJustLogin" name="S006_GoLogin" time="2.269"/>
  <system-out>
    <![CDATA[Login correctly<br>]]>
  </system-out>
  <testcase classname="tests.TC16_PlaceOrderJustLogin" name="S007_TypeEmail" time="7.089"/>
  <system-out>
    <![CDATA[The Login was Succesfull<br>]]>
  </system-out>
  <testcase classname="tests.TC16_PlaceOrderJustLogin" name="S008_LoginName" time="1.584"/>
  <system-out>
    <![CDATA[The name is showed<br>]]>
  </system-out>
  <testcase classname="tests.TC16_PlaceOrderJustLogin" name="S007_ProductsClick" time="7.404"/>
  <system-out>
    <![CDATA[The Products page loads correctly<br>]]>
  </system-out>
  <testcase classname="tests.TC16_PlaceOrderJustLogin" name="S003_AddToTheCart" time="2.623"/>
  <system-out>
    <![CDATA[Item Added Correctly  <br>]]>
  </system-out>
  <testcase classname="tests.TC16_PlaceOrderJustLogin" name="S004_ContinueShopping" time="0.113"/>
  <system-out>
    <![CDATA[Continue Shopping  <br>]]>
  </system-out>
  <testcase classname="tests.TC16_PlaceOrderJustLogin" name="S005_AddToTheCart2" time="0.741"/>
  <system-out>
    <![CDATA[Item Added Correctly  <br>]]>
  </system-out>
  <testcase classname="tests.TC16_PlaceOrderJustLogin" name="S006_ViewCart" time="1.972"/>
  <system-out>
    <![CDATA[Summary page displayed <br>]]>
  </system-out>
  <testcase classname="tests.TC16_PlaceOrderJustLogin" name="S007_VerifyItems" time="0.053"/>
  <system-out/>
  <testcase classname="tests.TC16_PlaceOrderJustLogin" name="S008_Summary" time="1.978"/>
  <system-out>
    <![CDATA[address page displayed <br>]]>
  </system-out>
  <testcase classname="tests.TC16_PlaceOrderJustLogin" name="S008_VerifyTotal" time="0.186"/>
  <system-out/>
  <testcase classname="tests.TC16_PlaceOrderJustLogin" name="S010_Comment" time="2.508"/>
  <system-out>
    <![CDATA[shipping page displayed and terms accepted <br>]]>
  </system-out>
  <testcase classname="tests.TC16_PlaceOrderJustLogin" name="S011_ProcedToOrderComplete" time="4.891"/>
  <system-out>
    <![CDATA[payment added correctly <br>]]>
  </system-out>
  <testcase classname="tests.TC16_PlaceOrderJustLogin" name="S021_DeleteAccount" time="5.549"/>
  <system-out>
    <![CDATA[The account is deleted<br>]]>
  </system-out>
</testsuite> <!-- tests.TC16_PlaceOrderJustLogin -->
