<?xml version="1.0" encoding="UTF-8"?>
<!-- Generated by org.testng.reporters.JUnitReportReporter -->
<testsuite hostname="DESKTOP-V7PNRA7" failures="0" tests="12" name="tests.TC03_RequiredFields" time="35.734" errors="0" timestamp="2023-06-07T21:45:59 CST" skipped="0">
  <testcase classname="tests.TC03_RequiredFields" name="S001_MainPage" time="4.367"/>
  <system-out>
    <![CDATA[The webpage loads correctly<br>]]>
  </system-out>
  <testcase classname="tests.TC03_RequiredFields" name="S002_LogInClick" time="1.685"/>
  <system-out>
    <![CDATA[The login page loads correctly<br>]]>
  </system-out>
  <testcase classname="tests.TC03_RequiredFields" name="S003_EnterEmailAdress" time="2.758"/>
  <system-out>
    <![CDATA[The form appears<br>]]>
  </system-out>
  <testcase classname="tests.TC03_RequiredFields" name="S004_EmptyRegister" time="6.355"/>
  <system-out>
    <![CDATA[requiered field <br>]]>
  </system-out>
  <testcase classname="tests.TC03_RequiredFields" name="S008_AddPassword" time="2.237"/>
  <system-out>
    <![CDATA[requiered field <br>]]>
  </system-out>
  <testcase classname="tests.TC03_RequiredFields" name="S005_AddFirstName" time="2.365"/>
  <system-out>
    <![CDATA[requiered field <br>]]>
  </system-out>
  <testcase classname="tests.TC03_RequiredFields" name="S006_AddLastName" time="2.583"/>
  <system-out>
    <![CDATA[requiered field <br>]]>
  </system-out>
  <testcase classname="tests.TC03_RequiredFields" name="S009_AddAddress" time="2.248"/>
  <system-out>
    <![CDATA[requiered field <br>]]>
  </system-out>
  <testcase classname="tests.TC03_RequiredFields" name="S013_AddAlias" time="2.334"/>
  <system-out>
    <![CDATA[requiered field <br>]]>
  </system-out>
  <testcase classname="tests.TC03_RequiredFields" name="S010_AddCity" time="2.273"/>
  <system-out>
    <![CDATA[requiered field <br>]]>
  </system-out>
  <testcase classname="tests.TC03_RequiredFields" name="S011_AddZIP" time="2.250"/>
  <system-out>
    <![CDATA[requiered field <br>]]>
  </system-out>
  <testcase classname="tests.TC03_RequiredFields" name="S012_AddPhone" time="4.279"/>
  <system-out>
    <![CDATA[The account is created<br>]]>
  </system-out>
</testsuite> <!-- tests.TC03_RequiredFields -->
