<?xml version="1.0" encoding="UTF-8"?>
<!-- Generated by org.testng.reporters.JUnitReportReporter -->
<testsuite hostname="DESKTOP-V7PNRA7" failures="0" tests="5" name="tests.TC18_ViewCategory" time="9.378" errors="0" timestamp="2023-06-14T17:33:26 CST" skipped="0">
  <testcase classname="tests.TC18_ViewCategory" name="S001_GoWebpage" time="3.720"/>
  <system-out>
    <![CDATA[The webpage loads correctly<br>]]>
  </system-out>
  <testcase classname="tests.TC18_ViewCategory" name="S002_ClickWomen" time="0.257"/>
  <system-out/>
  <testcase classname="tests.TC18_ViewCategory" name="S003_ClickDress" time="2.736"/>
  <system-out/>
  <testcase classname="tests.TC18_ViewCategory" name="S004_ClickMen" time="0.179"/>
  <system-out/>
  <testcase classname="tests.TC18_ViewCategory" name="S005_ClickTshirt" time="2.486"/>
  <system-out/>
</testsuite> <!-- tests.TC18_ViewCategory -->
