<?xml version="1.0" encoding="UTF-8"?>
<!-- Generated by org.testng.reporters.JUnitReportReporter -->
<testsuite hostname="DESKTOP-V7PNRA7" failures="0" tests="5" name="tests.TC08_VerifyAllProducts" time="14.079" errors="0" timestamp="2023-06-14T12:38:29 CST" skipped="0">
  <testcase classname="tests.TC08_VerifyAllProducts" name="S001_MainPage" time="4.467"/>
  <system-out>
    <![CDATA[The webpage loads correctly<br>]]>
  </system-out>
  <testcase classname="tests.TC08_VerifyAllProducts" name="S002_ProductsClick" time="7.050"/>
  <system-out>
    <![CDATA[The Products page loads correctly<br>]]>
  </system-out>
  <testcase classname="tests.TC08_VerifyAllProducts" name="S003_ListDisplay" time="0.552"/>
  <system-out>
    <![CDATA[Item Resume Showed Correctly  <br>]]>
  </system-out>
  <testcase classname="tests.TC08_VerifyAllProducts" name="S004_SeeMore" time="1.580"/>
  <system-out>
    <![CDATA[Item Resume Showed Correctly  <br>]]>
  </system-out>
  <testcase classname="tests.TC08_VerifyAllProducts" name="S005_Details" time="0.430"/>
  <system-out>
    <![CDATA[Details Showed Correctly  <br>]]>
  </system-out>
</testsuite> <!-- tests.TC08_VerifyAllProducts -->
