<?xml version="1.0" encoding="UTF-8"?>
<!-- Generated by org.testng.reporters.JUnitReportReporter -->
<testsuite hostname="DESKTOP-V7PNRA7" failures="0" tests="2" name="tests.TC07_TestCases" time="6.543" errors="0" timestamp="2023-06-14T00:57:02 CST" skipped="0">
  <testcase classname="tests.TC07_TestCases" name="S001_MainPage" time="4.699"/>
  <system-out>
    <![CDATA[The webpage loads correctly<br>]]>
  </system-out>
  <testcase classname="tests.TC07_TestCases" name="S002_LogInClick" time="1.844"/>
  <system-out>
    <![CDATA[The Test Case page loads correctly<br>]]>
  </system-out>
</testsuite> <!-- tests.TC07_TestCases -->
