<?xml version="1.0" encoding="UTF-8"?>
<!-- Generated by org.testng.reporters.JUnitReportReporter -->
<testsuite hostname="DESKTOP-V7PNRA7" failures="0" tests="16" name="tests.TC24_DownloadInvoice" time="33.274" errors="0" timestamp="2023-06-13T15:52:14 CST" skipped="0">
  <testcase classname="tests.TC24_DownloadInvoice" name="S001_GoWebpage" time="4.426"/>
  <system-out>
    <![CDATA[The webpage loads correctly<br>]]>
  </system-out>
  <testcase classname="tests.TC24_DownloadInvoice" name="S002_ProductsClick" time="2.904"/>
  <system-out>
    <![CDATA[The Products page loads correctly<br>]]>
  </system-out>
  <testcase classname="tests.TC24_DownloadInvoice" name="S003_AddToTheCart" time="1.054"/>
  <system-out>
    <![CDATA[Item Added Correctly  <br>]]>
  </system-out>
  <testcase classname="tests.TC24_DownloadInvoice" name="S004_ContinueShopping" time="0.100"/>
  <system-out>
    <![CDATA[Continue Shopping  <br>]]>
  </system-out>
  <testcase classname="tests.TC24_DownloadInvoice" name="S005_AddToTheCart2" time="0.652"/>
  <system-out>
    <![CDATA[Item Added Correctly  <br>]]>
  </system-out>
  <testcase classname="tests.TC24_DownloadInvoice" name="S006_ViewCart" time="1.237"/>
  <system-out>
    <![CDATA[Summary page displayed <br>]]>
  </system-out>
  <testcase classname="tests.TC24_DownloadInvoice" name="S007_VerifyItems" time="0.079"/>
  <system-out/>
  <testcase classname="tests.TC24_DownloadInvoice" name="S008_Summary" time="1.719"/>
  <system-out>
    <![CDATA[Redirect to the account login <br>]]>
  </system-out>
  <testcase classname="tests.TC24_DownloadInvoice" name="S009_CreateUser" time="5.471"/>
  <system-out>
    <![CDATA[The account is created<br>]]>
  </system-out>
  <testcase classname="tests.TC24_DownloadInvoice" name="S010_LoginName" time="1.901"/>
  <system-out>
    <![CDATA[The name is showed<br>]]>
  </system-out>
  <testcase classname="tests.TC24_DownloadInvoice" name="S011_ViewCart" time="1.265"/>
  <system-out>
    <![CDATA[Summary page displayed <br>]]>
  </system-out>
  <testcase classname="tests.TC24_DownloadInvoice" name="S012_Summary" time="1.145"/>
  <system-out>
    <![CDATA[address page displayed <br>]]>
  </system-out>
  <testcase classname="tests.TC24_DownloadInvoice" name="S013_Comment" time="1.735"/>
  <system-out>
    <![CDATA[shipping page displayed and terms accepted <br>]]>
  </system-out>
  <testcase classname="tests.TC24_DownloadInvoice" name="S014_ProcedToOrderComplete" time="3.034"/>
  <system-out>
    <![CDATA[payment added correctly <br>]]>
  </system-out>
  <testcase classname="tests.TC24_DownloadInvoice" name="S015_DownloadInvoice" time="5.468"/>
  <system-out/>
  <testcase classname="tests.TC24_DownloadInvoice" name="S016_DeleteAccount" time="1.084"/>
  <system-out>
    <![CDATA[The account is deleted<br>]]>
  </system-out>
</testsuite> <!-- tests.TC24_DownloadInvoice -->
