<?xml version="1.0" encoding="UTF-8"?>
<!-- Generated by org.testng.reporters.JUnitReportReporter -->
<testsuite hostname="DESKTOP-V7PNRA7" failures="0" tests="19" name="tests.TC14_PlaceOrderWhileRigisterCheckout" time="71.968" errors="0" timestamp="2023-06-11T20:37:43 CST" skipped="0">
  <testcase classname="tests.TC14_PlaceOrderWhileRigisterCheckout" name="S001_GoWebpage" time="12.647"/>
  <system-out>
    <![CDATA[The webpage loads correctly<br>]]>
  </system-out>
  <testcase classname="tests.TC14_PlaceOrderWhileRigisterCheckout" name="S002_CreateUser" time="12.737"/>
  <system-out>
    <![CDATA[The account is created<br>]]>
  </system-out>
  <testcase classname="tests.TC14_PlaceOrderWhileRigisterCheckout" name="S003_LoginName" time="8.276"/>
  <system-out>
    <![CDATA[The name is showed<br>]]>
  </system-out>
  <testcase classname="tests.TC14_PlaceOrderWhileRigisterCheckout" name="S004_Logout" time="2.628"/>
  <system-out>
    <![CDATA[The Login form appears<br>]]>
  </system-out>
  <testcase classname="tests.TC14_PlaceOrderWhileRigisterCheckout" name="S002_ProductsClick" time="14.213"/>
  <system-out>
    <![CDATA[The Products page loads correctly<br>]]>
  </system-out>
  <testcase classname="tests.TC14_PlaceOrderWhileRigisterCheckout" name="S003_AddToTheCart" time="1.156"/>
  <system-out>
    <![CDATA[Item Added Correctly  <br>]]>
  </system-out>
  <testcase classname="tests.TC14_PlaceOrderWhileRigisterCheckout" name="S004_ContinueShopping" time="0.132"/>
  <system-out>
    <![CDATA[Continue Shopping  <br>]]>
  </system-out>
  <testcase classname="tests.TC14_PlaceOrderWhileRigisterCheckout" name="S005_AddToTheCart2" time="0.775"/>
  <system-out>
    <![CDATA[Item Added Correctly  <br>]]>
  </system-out>
  <testcase classname="tests.TC14_PlaceOrderWhileRigisterCheckout" name="S006_ViewCart" time="1.729"/>
  <system-out>
    <![CDATA[Summary page displayed <br>]]>
  </system-out>
  <testcase classname="tests.TC14_PlaceOrderWhileRigisterCheckout" name="S007_VerifyItems" time="0.056"/>
  <system-out/>
  <testcase classname="tests.TC14_PlaceOrderWhileRigisterCheckout" name="S008_Summary" time="1.936"/>
  <system-out>
    <![CDATA[Redirect to the account login <br>]]>
  </system-out>
  <testcase classname="tests.TC14_PlaceOrderWhileRigisterCheckout" name="S012_Summary" time="4.026"/>
  <system-out>
    <![CDATA[The form appears<br>]]>
  </system-out>
  <testcase classname="tests.TC14_PlaceOrderWhileRigisterCheckout" name="S013_ViewCartAfterLogin" time="1.705"/>
  <system-out>
    <![CDATA[Summary page displayed <br>]]>
  </system-out>
  <testcase classname="tests.TC14_PlaceOrderWhileRigisterCheckout" name="S014_VerifyItemsAfterLogin" time="0.112"/>
  <system-out/>
  <testcase classname="tests.TC14_PlaceOrderWhileRigisterCheckout" name="S015_CartResume" time="1.478"/>
  <system-out>
    <![CDATA[address page displayed <br>]]>
  </system-out>
  <testcase classname="tests.TC14_PlaceOrderWhileRigisterCheckout" name="S015_VerifyTotal" time="0.289"/>
  <system-out/>
  <testcase classname="tests.TC14_PlaceOrderWhileRigisterCheckout" name="S010_Comment" time="2.337"/>
  <system-out>
    <![CDATA[shipping page displayed and terms accepted <br>]]>
  </system-out>
  <testcase classname="tests.TC14_PlaceOrderWhileRigisterCheckout" name="S011_ProcedToOrderComplete" time="3.935"/>
  <system-out>
    <![CDATA[payment added correctly <br>]]>
  </system-out>
  <testcase classname="tests.TC14_PlaceOrderWhileRigisterCheckout" name="S021_DeleteAccount" time="1.801"/>
  <system-out>
    <![CDATA[The account is deleted<br>]]>
  </system-out>
</testsuite> <!-- tests.TC14_PlaceOrderWhileRigisterCheckout -->
