<?xml version="1.0" encoding="UTF-8"?>
<!-- Generated by org.testng.reporters.JUnitReportReporter -->
<testsuite hostname="DESKTOP-V7PNRA7" failures="0" tests="10" name="tests.TC06_BuyProduct" time="56.663" errors="0" timestamp="2023-06-08T18:35:26 CST" skipped="0">
  <testcase classname="tests.TC06_BuyProduct" name="S001_OpenWebPage" time="6.098"/>
  <system-out>
    <![CDATA[The webpage loads correctly<br>]]>
  </system-out>
  <testcase classname="tests.TC06_BuyProduct" name="S002_SignIn" time="11.721"/>
  <system-out>
    <![CDATA[The account is created<br>]]>
  </system-out>
  <testcase classname="tests.TC06_BuyProduct" name="S003_TypeEmail" time="14.233"/>
  <system-out>
    <![CDATA[The form appears<br>]]>
  </system-out>
  <testcase classname="tests.TC06_BuyProduct" name="S004_ClickWomen" time="7.281"/>
  <system-out/>
  <testcase classname="tests.TC06_BuyProduct" name="S005_MoreOption" time="5.256"/>
  <system-out>
    <![CDATA[More section displayed correctly  <br>]]>
  </system-out>
  <testcase classname="tests.TC06_BuyProduct" name="S006_SelectTshirt" time="0.944"/>
  <system-out>
    <![CDATA[Item added to cart <br>]]>
  </system-out>
  <testcase classname="tests.TC06_BuyProduct" name="S007_Proceed" time="2.283"/>
  <system-out>
    <![CDATA[Summary page displayed <br>]]>
  </system-out>
  <testcase classname="tests.TC06_BuyProduct" name="S008_Summary" time="2.467"/>
  <system-out>
    <![CDATA[address page displayed <br>]]>
  </system-out>
  <testcase classname="tests.TC06_BuyProduct" name="S009_Shipping" time="2.279"/>
  <system-out>
    <![CDATA[shipping page displayed and terms accepted <br>]]>
  </system-out>
  <testcase classname="tests.TC06_BuyProduct" name="S011_ProcedToOrderComplete" time="4.101"/>
  <system-out>
    <![CDATA[payment added correctly <br>]]>
  </system-out>
</testsuite> <!-- tests.TC06_BuyProduct -->
