<?xml version="1.0" encoding="UTF-8"?>
<!-- Generated by org.testng.reporters.JUnitReportReporter -->
<testsuite hostname="DESKTOP-V7PNRA7" failures="0" tests="5" name="tests.TC21_AddAReview" time="12.192" errors="0" timestamp="2023-06-14T00:57:02 CST" skipped="0">
  <testcase classname="tests.TC21_AddAReview" name="S001_MainPage" time="2.966"/>
  <system-out>
    <![CDATA[The webpage loads correctly<br>]]>
  </system-out>
  <testcase classname="tests.TC21_AddAReview" name="S002_ProductsClick" time="4.748"/>
  <system-out>
    <![CDATA[The Products page loads correctly<br>]]>
  </system-out>
  <testcase classname="tests.TC21_AddAReview" name="S003_SeeMore" time="2.161"/>
  <system-out>
    <![CDATA[Item Resume Showed Correctly  <br>]]>
  </system-out>
  <testcase classname="tests.TC21_AddAReview" name="S004_CheckReviewForm" time="0.260"/>
  <system-out>
    <![CDATA[The Review Form Showed Correctly  <br>]]>
  </system-out>
  <testcase classname="tests.TC21_AddAReview" name="S005_AddReview" time="2.057"/>
  <system-out>
    <![CDATA[The Alert Message Showed Correctly  <br>]]>
  </system-out>
</testsuite> <!-- tests.TC21_AddAReview -->
