<?xml version="1.0" encoding="UTF-8"?>
<!-- Generated by org.testng.reporters.JUnitReportReporter -->
<testsuite hostname="DESKTOP-V7PNRA7" failures="0" tests="5" name="tests.TC22_RecomendenItems" time="6.396" errors="0" timestamp="2023-06-14T17:33:26 CST" skipped="0">
  <testcase classname="tests.TC22_RecomendenItems" name="S001_MainPage" time="3.004"/>
  <system-out>
    <![CDATA[The webpage loads correctly<br>]]>
  </system-out>
  <testcase classname="tests.TC22_RecomendenItems" name="S002_ListDisplay" time="0.168"/>
  <system-out>
    <![CDATA[Item Recommended Items Showed Correctly  <br>]]>
  </system-out>
  <testcase classname="tests.TC22_RecomendenItems" name="S003_AddToTheCart" time="0.833"/>
  <system-out>
    <![CDATA[Item Added Correctly  <br>]]>
  </system-out>
  <testcase classname="tests.TC22_RecomendenItems" name="S004_ViewCart" time="2.365"/>
  <system-out>
    <![CDATA[Summary page displayed <br>]]>
  </system-out>
  <testcase classname="tests.TC22_RecomendenItems" name="S005_VerifyItems" time="0.026"/>
  <system-out/>
</testsuite> <!-- tests.TC22_RecomendenItems -->
