<?xml version="1.0" encoding="UTF-8"?>
<!-- Generated by org.testng.reporters.JUnitReportReporter -->
<testsuite hostname="DESKTOP-V7PNRA7" failures="0" tests="5" name="tests.TC21_AddAReview" time="9.612" errors="0" timestamp="2023-06-13T15:41:00 CST" skipped="0">
  <testcase classname="tests.TC21_AddAReview" name="S001_MainPage" time="3.077"/>
  <system-out>
    <![CDATA[The webpage loads correctly<br>]]>
  </system-out>
  <testcase classname="tests.TC21_AddAReview" name="S002_ProductsClick" time="4.281"/>
  <system-out>
    <![CDATA[The Products page loads correctly<br>]]>
  </system-out>
  <testcase classname="tests.TC21_AddAReview" name="S003_SeeMore" time="1.631"/>
  <system-out>
    <![CDATA[Item Resume Showed Correctly  <br>]]>
  </system-out>
  <testcase classname="tests.TC21_AddAReview" name="S004_CheckReviewForm" time="0.151"/>
  <system-out>
    <![CDATA[The Review Form Showed Correctly  <br>]]>
  </system-out>
  <testcase classname="tests.TC21_AddAReview" name="S005_AddReview" time="0.472"/>
  <system-out>
    <![CDATA[The Alert Message Showed Correctly  <br>]]>
  </system-out>
</testsuite> <!-- tests.TC21_AddAReview -->
