<?xml version="1.0" encoding="UTF-8"?>
<!-- Generated by org.testng.reporters.JUnitReportReporter -->
<testsuite hostname="DESKTOP-V7PNRA7" failures="0" tests="17" name="tests.TC16_PlaceOrderJustLogin" time="49.209" errors="0" timestamp="2023-06-14T17:33:26 CST" skipped="0">
  <testcase classname="tests.TC16_PlaceOrderJustLogin" name="S001_GoWebpage" time="3.555"/>
  <system-out>
    <![CDATA[The webpage loads correctly<br>]]>
  </system-out>
  <testcase classname="tests.TC16_PlaceOrderJustLogin" name="S002_CreateUser" time="11.034"/>
  <system-out>
    <![CDATA[The account is created<br>]]>
  </system-out>
  <testcase classname="tests.TC16_PlaceOrderJustLogin" name="S003_Logout" time="4.226"/>
  <system-out>
    <![CDATA[The Login form appears<br>]]>
  </system-out>
  <testcase classname="tests.TC16_PlaceOrderJustLogin" name="S004_GoLogin" time="2.216"/>
  <system-out>
    <![CDATA[Login correctly<br>]]>
  </system-out>
  <testcase classname="tests.TC16_PlaceOrderJustLogin" name="S005_TypeEmail" time="4.515"/>
  <system-out>
    <![CDATA[The Login was Succesfull<br>]]>
  </system-out>
  <testcase classname="tests.TC16_PlaceOrderJustLogin" name="S006_LoginName" time="0.027"/>
  <system-out>
    <![CDATA[The name is showed<br>]]>
  </system-out>
  <testcase classname="tests.TC16_PlaceOrderJustLogin" name="S007_ProductsClick" time="5.036"/>
  <system-out>
    <![CDATA[The Products page loads correctly<br>]]>
  </system-out>
  <testcase classname="tests.TC16_PlaceOrderJustLogin" name="S008_AddToTheCart" time="2.458"/>
  <system-out>
    <![CDATA[Item Added Correctly  <br>]]>
  </system-out>
  <testcase classname="tests.TC16_PlaceOrderJustLogin" name="S009_ContinueShopping" time="0.299"/>
  <system-out>
    <![CDATA[Continue Shopping  <br>]]>
  </system-out>
  <testcase classname="tests.TC16_PlaceOrderJustLogin" name="S010_AddToTheCart2" time="1.144"/>
  <system-out>
    <![CDATA[Item Added Correctly  <br>]]>
  </system-out>
  <testcase classname="tests.TC16_PlaceOrderJustLogin" name="S011_ViewCart" time="2.989"/>
  <system-out>
    <![CDATA[Summary page displayed <br>]]>
  </system-out>
  <testcase classname="tests.TC16_PlaceOrderJustLogin" name="S012_VerifyItems" time="0.117"/>
  <system-out/>
  <testcase classname="tests.TC16_PlaceOrderJustLogin" name="S013_Summary" time="1.703"/>
  <system-out>
    <![CDATA[address page displayed <br>]]>
  </system-out>
  <testcase classname="tests.TC16_PlaceOrderJustLogin" name="S008_VerifyTotal" time="0.186"/>
  <system-out/>
  <testcase classname="tests.TC16_PlaceOrderJustLogin" name="S015_Comment" time="2.623"/>
  <system-out>
    <![CDATA[shipping page displayed and terms accepted <br>]]>
  </system-out>
  <testcase classname="tests.TC16_PlaceOrderJustLogin" name="S016_ProcedToOrderComplete" time="4.481"/>
  <system-out>
    <![CDATA[payment added correctly <br>]]>
  </system-out>
  <testcase classname="tests.TC16_PlaceOrderJustLogin" name="S017_DeleteAccount" time="2.600"/>
  <system-out>
    <![CDATA[The account is deleted<br>]]>
  </system-out>
</testsuite> <!-- tests.TC16_PlaceOrderJustLogin -->
