<?xml version="1.0" encoding="UTF-8"?>
<!-- Generated by org.testng.reporters.JUnitReportReporter -->
<testsuite hostname="DESKTOP-V7PNRA7" failures="0" tests="3" name="tests.TC09_SerchProduct" time="9.178" errors="0" timestamp="2023-06-13T15:48:46 CST" skipped="0">
  <testcase classname="tests.TC09_SerchProduct" name="S001_MainPage" time="2.561"/>
  <system-out>
    <![CDATA[The webpage loads correctly<br>]]>
  </system-out>
  <testcase classname="tests.TC09_SerchProduct" name="S002_ProductsClick" time="2.109"/>
  <system-out>
    <![CDATA[The Products page loads correctly<br>]]>
  </system-out>
  <testcase classname="tests.TC09_SerchProduct" name="S004_SearchItem" time="4.508"/>
  <system-out>
    <![CDATA[Item searched matches with the item displayed <br>]]>
  </system-out>
</testsuite> <!-- tests.TC09_SerchProduct -->
