<?xml version="1.0" encoding="UTF-8"?>
<!-- Generated by org.testng.reporters.JUnitReportReporter -->
<testsuite hostname="DESKTOP-V7PNRA7" failures="0" tests="17" name="tests.TC16_PlaceOrderJustLogin" time="45.377" errors="0" timestamp="2023-06-14T13:28:38 CST" skipped="0">
  <testcase classname="tests.TC16_PlaceOrderJustLogin" name="S001_GoWebpage" time="3.615"/>
  <system-out>
    <![CDATA[The webpage loads correctly<br>]]>
  </system-out>
  <testcase classname="tests.TC16_PlaceOrderJustLogin" name="S002_CreateUser" time="10.469"/>
  <system-out>
    <![CDATA[The account is created<br>]]>
  </system-out>
  <testcase classname="tests.TC16_PlaceOrderJustLogin" name="S003_Logout" time="4.688"/>
  <system-out>
    <![CDATA[The Login form appears<br>]]>
  </system-out>
  <testcase classname="tests.TC16_PlaceOrderJustLogin" name="S004_GoLogin" time="0.854"/>
  <system-out>
    <![CDATA[Login correctly<br>]]>
  </system-out>
  <testcase classname="tests.TC16_PlaceOrderJustLogin" name="S005_TypeEmail" time="4.162"/>
  <system-out>
    <![CDATA[The Login was Succesfull<br>]]>
  </system-out>
  <testcase classname="tests.TC16_PlaceOrderJustLogin" name="S006_LoginName" time="0.039"/>
  <system-out>
    <![CDATA[The name is showed<br>]]>
  </system-out>
  <testcase classname="tests.TC16_PlaceOrderJustLogin" name="S007_ProductsClick" time="7.083"/>
  <system-out>
    <![CDATA[The Products page loads correctly<br>]]>
  </system-out>
  <testcase classname="tests.TC16_PlaceOrderJustLogin" name="S008_AddToTheCart" time="1.354"/>
  <system-out>
    <![CDATA[Item Added Correctly  <br>]]>
  </system-out>
  <testcase classname="tests.TC16_PlaceOrderJustLogin" name="S009_ContinueShopping" time="0.111"/>
  <system-out>
    <![CDATA[Continue Shopping  <br>]]>
  </system-out>
  <testcase classname="tests.TC16_PlaceOrderJustLogin" name="S010_AddToTheCart2" time="0.819"/>
  <system-out>
    <![CDATA[Item Added Correctly  <br>]]>
  </system-out>
  <testcase classname="tests.TC16_PlaceOrderJustLogin" name="S011_ViewCart" time="2.357"/>
  <system-out>
    <![CDATA[Summary page displayed <br>]]>
  </system-out>
  <testcase classname="tests.TC16_PlaceOrderJustLogin" name="S012_VerifyItems" time="0.230"/>
  <system-out/>
  <testcase classname="tests.TC16_PlaceOrderJustLogin" name="S013_Summary" time="2.161"/>
  <system-out>
    <![CDATA[address page displayed <br>]]>
  </system-out>
  <testcase classname="tests.TC16_PlaceOrderJustLogin" name="S008_VerifyTotal" time="0.296"/>
  <system-out/>
  <testcase classname="tests.TC16_PlaceOrderJustLogin" name="S015_Comment" time="2.312"/>
  <system-out>
    <![CDATA[shipping page displayed and terms accepted <br>]]>
  </system-out>
  <testcase classname="tests.TC16_PlaceOrderJustLogin" name="S016_ProcedToOrderComplete" time="3.682"/>
  <system-out>
    <![CDATA[payment added correctly <br>]]>
  </system-out>
  <testcase classname="tests.TC16_PlaceOrderJustLogin" name="S017_DeleteAccount" time="1.145"/>
  <system-out>
    <![CDATA[The account is deleted<br>]]>
  </system-out>
</testsuite> <!-- tests.TC16_PlaceOrderJustLogin -->
