<?xml version="1.0" encoding="UTF-8"?>
<!-- Generated by org.testng.reporters.JUnitReportReporter -->
<testsuite hostname="DESKTOP-V7PNRA7" failures="0" tests="14" name="tests.TC15_PlaceOrderAlreadyRegister" time="34.252" errors="0" timestamp="2023-06-14T17:33:26 CST" skipped="0">
  <testcase classname="tests.TC15_PlaceOrderAlreadyRegister" name="S001_GoWebpage" time="4.024"/>
  <system-out>
    <![CDATA[The webpage loads correctly<br>]]>
  </system-out>
  <testcase classname="tests.TC15_PlaceOrderAlreadyRegister" name="S002_CreateUser" time="9.700"/>
  <system-out>
    <![CDATA[The account is created<br>]]>
  </system-out>
  <testcase classname="tests.TC15_PlaceOrderAlreadyRegister" name="S003_LoginName" time="2.445"/>
  <system-out>
    <![CDATA[The name is showed<br>]]>
  </system-out>
  <testcase classname="tests.TC15_PlaceOrderAlreadyRegister" name="S004_ProductsClick" time="4.345"/>
  <system-out>
    <![CDATA[The Products page loads correctly<br>]]>
  </system-out>
  <testcase classname="tests.TC15_PlaceOrderAlreadyRegister" name="S005_AddToTheCart" time="1.344"/>
  <system-out>
    <![CDATA[Item Added Correctly  <br>]]>
  </system-out>
  <testcase classname="tests.TC15_PlaceOrderAlreadyRegister" name="S006_ContinueShopping" time="0.110"/>
  <system-out>
    <![CDATA[Continue Shopping  <br>]]>
  </system-out>
  <testcase classname="tests.TC15_PlaceOrderAlreadyRegister" name="S007_AddToTheCart2" time="0.696"/>
  <system-out>
    <![CDATA[Item Added Correctly  <br>]]>
  </system-out>
  <testcase classname="tests.TC15_PlaceOrderAlreadyRegister" name="S008_ViewCart" time="1.305"/>
  <system-out>
    <![CDATA[Summary page displayed <br>]]>
  </system-out>
  <testcase classname="tests.TC15_PlaceOrderAlreadyRegister" name="S009_VerifyItems" time="0.067"/>
  <system-out/>
  <testcase classname="tests.TC15_PlaceOrderAlreadyRegister" name="S010_Summary" time="2.024"/>
  <system-out>
    <![CDATA[address page displayed <br>]]>
  </system-out>
  <testcase classname="tests.TC15_PlaceOrderAlreadyRegister" name="S011_VerifyTotal" time="0.391"/>
  <system-out/>
  <testcase classname="tests.TC15_PlaceOrderAlreadyRegister" name="S012_Comment" time="1.912"/>
  <system-out>
    <![CDATA[shipping page displayed and terms accepted <br>]]>
  </system-out>
  <testcase classname="tests.TC15_PlaceOrderAlreadyRegister" name="S013_ProcedToOrderComplete" time="3.623"/>
  <system-out>
    <![CDATA[payment added correctly <br>]]>
  </system-out>
  <testcase classname="tests.TC15_PlaceOrderAlreadyRegister" name="S014_DeleteAccount" time="2.266"/>
  <system-out>
    <![CDATA[The account is deleted<br>]]>
  </system-out>
</testsuite> <!-- tests.TC15_PlaceOrderAlreadyRegister -->
