<?xml version="1.0" encoding="UTF-8"?>
<!-- Generated by org.testng.reporters.JUnitReportReporter -->
<testsuite hostname="DESKTOP-V7PNRA7" failures="0" tests="23" name="tests.TC01_RegisterUser" time="19.064" errors="0" timestamp="2023-06-14T00:57:02 CST" skipped="0">
  <testcase classname="tests.TC01_RegisterUser" name="S001_MainPage" time="3.358"/>
  <system-out>
    <![CDATA[The webpage loads correctly<br>]]>
  </system-out>
  <testcase classname="tests.TC01_RegisterUser" name="S002_LogInClick" time="2.300"/>
  <system-out>
    <![CDATA[The login page loads correctly<br>]]>
  </system-out>
  <testcase classname="tests.TC01_RegisterUser" name="S003_EnterEmailAdress" time="4.413"/>
  <system-out>
    <![CDATA[The form appears<br>]]>
  </system-out>
  <testcase classname="tests.TC01_RegisterUser" name="S004_GenderSelection" time="0.115"/>
  <system-out>
    <![CDATA[The gender selected is checked <br>]]>
  </system-out>
  <testcase classname="tests.TC01_RegisterUser" name="S005_EmailValidation" time="0.039"/>
  <system-out>
    <![CDATA[The email typed at the beginning is shown<br>]]>
  </system-out>
  <testcase classname="tests.TC01_RegisterUser" name="S006_Password" time="0.226"/>
  <system-out>
    <![CDATA[The password typed is shown<br>]]>
  </system-out>
  <testcase classname="tests.TC01_RegisterUser" name="S007_BirthDateSelection" time="0.718"/>
  <system-out>
    <![CDATA[The birth date selected is shown<br>]]>
  </system-out>
  <testcase classname="tests.TC01_RegisterUser" name="S009_SubscriptionNewsletter" time="0.105"/>
  <system-out>
    <![CDATA[The newsletter is checked<br>]]>
  </system-out>
  <testcase classname="tests.TC01_RegisterUser" name="S010_SelectOffers" time="0.109"/>
  <system-out>
    <![CDATA[The offers checkbox is checked<br>]]>
  </system-out>
  <testcase classname="tests.TC01_RegisterUser" name="S008_NameValidation" time="0.170"/>
  <system-out>
    <![CDATA[The name typed is shown<br>]]>
  </system-out>
  <testcase classname="tests.TC01_RegisterUser" name="S009_LastNameVaidation" time="0.158"/>
  <system-out>
    <![CDATA[The lastname typed is shown<br>]]>
  </system-out>
  <testcase classname="tests.TC01_RegisterUser" name="S010_NameAndLastnameValidation" time="0.079"/>
  <system-out>
    <![CDATA[The name and the last name typed at the beginning of the form is shown<br>]]>
  </system-out>
  <testcase classname="tests.TC01_RegisterUser" name="S011_CompanyValidation" time="0.149"/>
  <system-out>
    <![CDATA[The company typed is shown<br>]]>
  </system-out>
  <testcase classname="tests.TC01_RegisterUser" name="S012_AdrressValidation" time="0.155"/>
  <system-out>
    <![CDATA[The first address typed is shown<br>]]>
  </system-out>
  <testcase classname="tests.TC01_RegisterUser" name="S013_SecondAddressValidation" time="0.152"/>
  <system-out>
    <![CDATA[The second address typed is shown<br>]]>
  </system-out>
  <testcase classname="tests.TC01_RegisterUser" name="S014_CountrySelection" time="0.169"/>
  <system-out>
    <![CDATA[The country selected is shown<br>]]>
  </system-out>
  <testcase classname="tests.TC01_RegisterUser" name="S015_StateSelection" time="0.169"/>
  <system-out>
    <![CDATA[The state selected is shown<br>]]>
  </system-out>
  <testcase classname="tests.TC01_RegisterUser" name="S016_CityValidation" time="0.175"/>
  <system-out>
    <![CDATA[The city typed is shown<br>]]>
  </system-out>
  <testcase classname="tests.TC01_RegisterUser" name="S017_ZIPValidation" time="0.144"/>
  <system-out>
    <![CDATA[The ZIP code typed is shown<br>]]>
  </system-out>
  <testcase classname="tests.TC01_RegisterUser" name="S018_MobileNumberValidation" time="0.137"/>
  <system-out>
    <![CDATA[The mobile number typed is shown<br>]]>
  </system-out>
  <testcase classname="tests.TC01_RegisterUser" name="S019_ClickOnRegister" time="2.444"/>
  <system-out>
    <![CDATA[The account is created<br>]]>
  </system-out>
  <testcase classname="tests.TC01_RegisterUser" name="S020_LoginName" time="2.385"/>
  <system-out>
    <![CDATA[The name is showed<br>]]>
  </system-out>
  <testcase classname="tests.TC01_RegisterUser" name="S021_DeleteAccount" time="1.195"/>
  <system-out>
    <![CDATA[The account is deleted<br>]]>
  </system-out>
</testsuite> <!-- tests.TC01_RegisterUser -->
