<?xml version="1.0" encoding="UTF-8"?>
<!-- Generated by org.testng.reporters.JUnitReportReporter -->
<testsuite hostname="DESKTOP-V7PNRA7" failures="0" tests="5" name="tests.TC18_ViewCategory" time="9.186" errors="0" timestamp="2023-06-12T09:57:08 CST" skipped="0">
  <testcase classname="tests.TC18_ViewCategory" name="S001_GoWebpage" time="3.133"/>
  <system-out>
    <![CDATA[The webpage loads correctly<br>]]>
  </system-out>
  <testcase classname="tests.TC18_ViewCategory" name="S002_ClickWomen" time="0.970"/>
  <system-out/>
  <testcase classname="tests.TC18_ViewCategory" name="S003_ClickDress" time="1.916"/>
  <system-out/>
  <testcase classname="tests.TC18_ViewCategory" name="S004_ClickMen" time="0.251"/>
  <system-out/>
  <testcase classname="tests.TC18_ViewCategory" name="S005_ClickTshirt" time="2.916"/>
  <system-out/>
</testsuite> <!-- tests.TC18_ViewCategory -->
