<?xml version="1.0" encoding="UTF-8"?>
<!-- Generated by org.testng.reporters.JUnitReportReporter -->
<testsuite hostname="DESKTOP-V7PNRA7" failures="0" tests="6" name="tests.TC10_VerifySubscription" time="36.884" errors="0" timestamp="2023-06-14T00:57:02 CST" skipped="0">
  <testcase classname="tests.TC10_VerifySubscription" name="S001_GoWebpage" time="4.067"/>
  <system-out>
    <![CDATA[The webpage loads correctly<br>]]>
  </system-out>
  <testcase classname="tests.TC10_VerifySubscription" name="S002_CreateUser" time="12.735"/>
  <system-out>
    <![CDATA[The account is created<br>]]>
  </system-out>
  <testcase classname="tests.TC10_VerifySubscription" name="S003_LoginName" time="2.621"/>
  <system-out>
    <![CDATA[The name is showed<br>]]>
  </system-out>
  <testcase classname="tests.TC10_VerifySubscription" name="S004_Logout" time="8.964"/>
  <system-out>
    <![CDATA[The Login form appears<br>]]>
  </system-out>
  <testcase classname="tests.TC10_VerifySubscription" name="S005_GoHome" time="8.067"/>
  <system-out>
    <![CDATA[The webpage loads correctly<br>]]>
  </system-out>
  <testcase classname="tests.TC10_VerifySubscription" name="S006_CheckSubscription" time="0.430"/>
  <system-out>
    <![CDATA[The subscription is correctly<br>]]>
  </system-out>
</testsuite> <!-- tests.TC10_VerifySubscription -->
