<?xml version="1.0" encoding="UTF-8"?>
<!-- Generated by org.testng.reporters.JUnitReportReporter -->
<testsuite hostname="DESKTOP-V7PNRA7" failures="0" tests="8" name="tests.TC12_AddToTheCart" time="11.628" errors="0" timestamp="2023-06-11T02:42:48 CST" skipped="0">
  <testcase classname="tests.TC12_AddToTheCart" name="S001_MainPage" time="5.673"/>
  <system-out>
    <![CDATA[The webpage loads correctly<br>]]>
  </system-out>
  <testcase classname="tests.TC12_AddToTheCart" name="S002_ProductsClick" time="3.479"/>
  <system-out>
    <![CDATA[The Products page loads correctly<br>]]>
  </system-out>
  <testcase classname="tests.TC12_AddToTheCart" name="S003_AddToTheCart" time="0.470"/>
  <system-out>
    <![CDATA[Item Added Correctly  <br>]]>
  </system-out>
  <testcase classname="tests.TC12_AddToTheCart" name="S004_ContinueShopping" time="0.134"/>
  <system-out>
    <![CDATA[Continue Shopping  <br>]]>
  </system-out>
  <testcase classname="tests.TC12_AddToTheCart" name="S005_AddToTheCart2" time="0.762"/>
  <system-out>
    <![CDATA[Item Added Correctly  <br>]]>
  </system-out>
  <testcase classname="tests.TC12_AddToTheCart" name="S006_ViewCart" time="0.836"/>
  <system-out>
    <![CDATA[Summary page displayed <br>]]>
  </system-out>
  <testcase classname="tests.TC12_AddToTheCart" name="S007_VerifyItems" time="0.081"/>
  <system-out/>
  <testcase classname="tests.TC12_AddToTheCart" name="S008_VerifyNewPrice" time="0.193"/>
  <system-out/>
</testsuite> <!-- tests.TC12_AddToTheCart -->
