<?xml version="1.0" encoding="UTF-8"?>
<!-- Generated by org.testng.reporters.JUnitReportReporter -->
<testsuite hostname="DESKTOP-V7PNRA7" failures="0" tests="3" name="tests.TC19_ViewAndCart" time="7.292" errors="0" timestamp="2023-06-13T15:41:00 CST" skipped="0">
  <testcase classname="tests.TC19_ViewAndCart" name="S001_GoWebpage" time="1.987"/>
  <system-out>
    <![CDATA[The webpage loads correctly<br>]]>
  </system-out>
  <testcase classname="tests.TC19_ViewAndCart" name="S002_ClickBRand" time="4.995"/>
  <system-out/>
  <testcase classname="tests.TC19_ViewAndCart" name="S003_ClickBrandAgain" time="0.310"/>
  <system-out/>
</testsuite> <!-- tests.TC19_ViewAndCart -->
