<?xml version="1.0" encoding="UTF-8"?>
<!-- Generated by org.testng.reporters.JUnitReportReporter -->
<testsuite hostname="DESKTOP-V7PNRA7" failures="0" tests="3" name="tests.TC03_LoginIncorrectUser" time="8.915" errors="0" timestamp="2023-06-14T12:38:29 CST" skipped="0">
  <testcase classname="tests.TC03_LoginIncorrectUser" name="S001_MainPage" time="2.721"/>
  <system-out>
    <![CDATA[The webpage loads correctly<br>]]>
  </system-out>
  <testcase classname="tests.TC03_LoginIncorrectUser" name="S002_LogInClick" time="1.720"/>
  <system-out>
    <![CDATA[Login correctly<br>]]>
  </system-out>
  <testcase classname="tests.TC03_LoginIncorrectUser" name="S003_TypeEmail" time="4.474"/>
  <system-out>
    <![CDATA[Error messaje showed<br>]]>
  </system-out>
</testsuite> <!-- tests.TC03_LoginIncorrectUser -->
