<?xml version="1.0" encoding="UTF-8"?>
<!-- Generated by org.testng.reporters.JUnitReportReporter -->
<testsuite hostname="DESKTOP-V7PNRA7" failures="0" tests="8" name="tests.TC12_AddToTheCart" time="13.905" errors="0" timestamp="2023-06-14T17:33:26 CST" skipped="0">
  <testcase classname="tests.TC12_AddToTheCart" name="S001_MainPage" time="2.452"/>
  <system-out>
    <![CDATA[The webpage loads correctly<br>]]>
  </system-out>
  <testcase classname="tests.TC12_AddToTheCart" name="S002_ProductsClick" time="6.771"/>
  <system-out>
    <![CDATA[The Products page loads correctly<br>]]>
  </system-out>
  <testcase classname="tests.TC12_AddToTheCart" name="S003_AddToTheCart" time="1.535"/>
  <system-out>
    <![CDATA[Item Added Correctly  <br>]]>
  </system-out>
  <testcase classname="tests.TC12_AddToTheCart" name="S004_ContinueShopping" time="0.133"/>
  <system-out>
    <![CDATA[Continue Shopping  <br>]]>
  </system-out>
  <testcase classname="tests.TC12_AddToTheCart" name="S005_AddToTheCart2" time="0.766"/>
  <system-out>
    <![CDATA[Item Added Correctly  <br>]]>
  </system-out>
  <testcase classname="tests.TC12_AddToTheCart" name="S006_ViewCart" time="2.037"/>
  <system-out>
    <![CDATA[Summary page displayed <br>]]>
  </system-out>
  <testcase classname="tests.TC12_AddToTheCart" name="S007_VerifyItems" time="0.056"/>
  <system-out/>
  <testcase classname="tests.TC12_AddToTheCart" name="S008_VerifyNewPrice" time="0.155"/>
  <system-out/>
</testsuite> <!-- tests.TC12_AddToTheCart -->
