<?xml version="1.0" encoding="UTF-8"?>
<!-- Generated by org.testng.reporters.JUnitReportReporter -->
<testsuite hostname="DESKTOP-V7PNRA7" failures="0" tests="5" name="tests.TC22_RecomendenItems" time="9.162" errors="0" timestamp="2023-06-14T00:57:02 CST" skipped="0">
  <testcase classname="tests.TC22_RecomendenItems" name="S001_MainPage" time="3.991"/>
  <system-out>
    <![CDATA[The webpage loads correctly<br>]]>
  </system-out>
  <testcase classname="tests.TC22_RecomendenItems" name="S002_ListDisplay" time="0.190"/>
  <system-out>
    <![CDATA[Item Recommended Items Showed Correctly  <br>]]>
  </system-out>
  <testcase classname="tests.TC22_RecomendenItems" name="S003_AddToTheCart" time="1.142"/>
  <system-out>
    <![CDATA[Item Added Correctly  <br>]]>
  </system-out>
  <testcase classname="tests.TC22_RecomendenItems" name="S006_ViewCart" time="3.822"/>
  <system-out>
    <![CDATA[Summary page displayed <br>]]>
  </system-out>
  <testcase classname="tests.TC22_RecomendenItems" name="S007_VerifyItems" time="0.017"/>
  <system-out/>
</testsuite> <!-- tests.TC22_RecomendenItems -->
