<?xml version="1.0" encoding="UTF-8"?>
<!-- Generated by org.testng.reporters.JUnitReportReporter -->
<testsuite hostname="DESKTOP-V7PNRA7" failures="0" tests="8" name="tests.TC12_AddToTheCart" time="10.471" errors="0" timestamp="2023-06-13T15:41:00 CST" skipped="0">
  <testcase classname="tests.TC12_AddToTheCart" name="S001_MainPage" time="2.831"/>
  <system-out>
    <![CDATA[The webpage loads correctly<br>]]>
  </system-out>
  <testcase classname="tests.TC12_AddToTheCart" name="S002_ProductsClick" time="3.243"/>
  <system-out>
    <![CDATA[The Products page loads correctly<br>]]>
  </system-out>
  <testcase classname="tests.TC12_AddToTheCart" name="S003_AddToTheCart" time="2.142"/>
  <system-out>
    <![CDATA[Item Added Correctly  <br>]]>
  </system-out>
  <testcase classname="tests.TC12_AddToTheCart" name="S004_ContinueShopping" time="0.161"/>
  <system-out>
    <![CDATA[Continue Shopping  <br>]]>
  </system-out>
  <testcase classname="tests.TC12_AddToTheCart" name="S005_AddToTheCart2" time="0.664"/>
  <system-out>
    <![CDATA[Item Added Correctly  <br>]]>
  </system-out>
  <testcase classname="tests.TC12_AddToTheCart" name="S006_ViewCart" time="1.237"/>
  <system-out>
    <![CDATA[Summary page displayed <br>]]>
  </system-out>
  <testcase classname="tests.TC12_AddToTheCart" name="S007_VerifyItems" time="0.056"/>
  <system-out/>
  <testcase classname="tests.TC12_AddToTheCart" name="S008_VerifyNewPrice" time="0.137"/>
  <system-out/>
</testsuite> <!-- tests.TC12_AddToTheCart -->
