<?xml version="1.0" encoding="UTF-8"?>
<!-- Generated by org.testng.reporters.JUnitReportReporter -->
<testsuite hostname="DESKTOP-V7PNRA7" failures="0" tests="5" name="tests.TC08_VerifyAllProducts" time="13.977" errors="0" timestamp="2023-06-14T00:57:02 CST" skipped="0">
  <testcase classname="tests.TC08_VerifyAllProducts" name="S001_MainPage" time="5.419"/>
  <system-out>
    <![CDATA[The webpage loads correctly<br>]]>
  </system-out>
  <testcase classname="tests.TC08_VerifyAllProducts" name="S002_ProductsClick" time="6.771"/>
  <system-out>
    <![CDATA[The Products page loads correctly<br>]]>
  </system-out>
  <testcase classname="tests.TC08_VerifyAllProducts" name="S003_ListDisplay" time="0.192"/>
  <system-out>
    <![CDATA[Item Resume Showed Correctly  <br>]]>
  </system-out>
  <testcase classname="tests.TC08_VerifyAllProducts" name="S004_SeeMore" time="1.386"/>
  <system-out>
    <![CDATA[Item Resume Showed Correctly  <br>]]>
  </system-out>
  <testcase classname="tests.TC08_VerifyAllProducts" name="S005_Details" time="0.209"/>
  <system-out>
    <![CDATA[Details Showed Correctly  <br>]]>
  </system-out>
</testsuite> <!-- tests.TC08_VerifyAllProducts -->
