<?xml version="1.0" encoding="UTF-8"?>
<!-- Generated by org.testng.reporters.JUnitReportReporter -->
<testsuite hostname="DESKTOP-V7PNRA7" failures="0" tests="2" name="tests.TC07_TestCases" time="9.607" errors="0" timestamp="2023-06-13T15:41:00 CST" skipped="0">
  <testcase classname="tests.TC07_TestCases" name="S001_MainPage" time="3.197"/>
  <system-out>
    <![CDATA[The webpage loads correctly<br>]]>
  </system-out>
  <testcase classname="tests.TC07_TestCases" name="S002_LogInClick" time="6.410"/>
  <system-out>
    <![CDATA[The Test Case page loads correctly<br>]]>
  </system-out>
</testsuite> <!-- tests.TC07_TestCases -->
