<?xml version="1.0" encoding="UTF-8"?>
<!-- Generated by org.testng.reporters.JUnitReportReporter -->
<testsuite hostname="DESKTOP-V7PNRA7" failures="0" tests="8" name="tests.TC17_RemoveElementFromtheCart" time="10.663" errors="0" timestamp="2023-06-14T12:38:29 CST" skipped="0">
  <testcase classname="tests.TC17_RemoveElementFromtheCart" name="S001_GoWebpage" time="2.723"/>
  <system-out>
    <![CDATA[The webpage loads correctly<br>]]>
  </system-out>
  <testcase classname="tests.TC17_RemoveElementFromtheCart" name="S002_ProductsClick" time="2.375"/>
  <system-out>
    <![CDATA[The Products page loads correctly<br>]]>
  </system-out>
  <testcase classname="tests.TC17_RemoveElementFromtheCart" name="S003_AddToTheCart" time="1.069"/>
  <system-out>
    <![CDATA[Item Added Correctly  <br>]]>
  </system-out>
  <testcase classname="tests.TC17_RemoveElementFromtheCart" name="S004_ContinueShopping" time="0.102"/>
  <system-out>
    <![CDATA[Continue Shopping  <br>]]>
  </system-out>
  <testcase classname="tests.TC17_RemoveElementFromtheCart" name="S005_AddToTheCart2" time="0.746"/>
  <system-out>
    <![CDATA[Item Added Correctly  <br>]]>
  </system-out>
  <testcase classname="tests.TC17_RemoveElementFromtheCart" name="S006_ViewCart" time="1.479"/>
  <system-out>
    <![CDATA[Summary page displayed <br>]]>
  </system-out>
  <testcase classname="tests.TC17_RemoveElementFromtheCart" name="S007_VerifyItems" time="0.048"/>
  <system-out/>
  <testcase classname="tests.TC17_RemoveElementFromtheCart" name="S008_VerifyItems" time="2.121"/>
  <system-out/>
</testsuite> <!-- tests.TC17_RemoveElementFromtheCart -->
