<?xml version="1.0" encoding="UTF-8"?>
<!-- Generated by org.testng.reporters.JUnitReportReporter -->
<testsuite hostname="DESKTOP-V7PNRA7" failures="0" tests="3" name="tests.TC03_LoginIncorrectUser" time="7.885" errors="0" timestamp="2023-06-14T17:33:26 CST" skipped="0">
  <testcase classname="tests.TC03_LoginIncorrectUser" name="S001_MainPage" time="2.101"/>
  <system-out>
    <![CDATA[The webpage loads correctly<br>]]>
  </system-out>
  <testcase classname="tests.TC03_LoginIncorrectUser" name="S002_LogInClick" time="2.251"/>
  <system-out>
    <![CDATA[Login correctly<br>]]>
  </system-out>
  <testcase classname="tests.TC03_LoginIncorrectUser" name="S003_TypeEmail" time="3.533"/>
  <system-out>
    <![CDATA[Error messaje showed<br>]]>
  </system-out>
</testsuite> <!-- tests.TC03_LoginIncorrectUser -->
