<?xml version="1.0" encoding="UTF-8"?>
<!-- Generated by org.testng.reporters.JUnitReportReporter -->
<testsuite hostname="DESKTOP-V7PNRA7" failures="0" tests="23" name="tests.TC01_RegisterUser" time="15.115" errors="0" timestamp="2023-06-13T15:41:00 CST" skipped="0">
  <testcase classname="tests.TC01_RegisterUser" name="S001_MainPage" time="3.109"/>
  <system-out>
    <![CDATA[The webpage loads correctly<br>]]>
  </system-out>
  <testcase classname="tests.TC01_RegisterUser" name="S002_LogInClick" time="1.528"/>
  <system-out>
    <![CDATA[The login page loads correctly<br>]]>
  </system-out>
  <testcase classname="tests.TC01_RegisterUser" name="S003_EnterEmailAdress" time="2.399"/>
  <system-out>
    <![CDATA[The form appears<br>]]>
  </system-out>
  <testcase classname="tests.TC01_RegisterUser" name="S004_GenderSelection" time="0.105"/>
  <system-out>
    <![CDATA[The gender selected is checked <br>]]>
  </system-out>
  <testcase classname="tests.TC01_RegisterUser" name="S005_EmailValidation" time="0.038"/>
  <system-out>
    <![CDATA[The email typed at the beginning is shown<br>]]>
  </system-out>
  <testcase classname="tests.TC01_RegisterUser" name="S006_Password" time="0.150"/>
  <system-out>
    <![CDATA[The password typed is shown<br>]]>
  </system-out>
  <testcase classname="tests.TC01_RegisterUser" name="S007_BirthDateSelection" time="0.542"/>
  <system-out>
    <![CDATA[The birth date selected is shown<br>]]>
  </system-out>
  <testcase classname="tests.TC01_RegisterUser" name="S009_SubscriptionNewsletter" time="0.072"/>
  <system-out>
    <![CDATA[The newsletter is checked<br>]]>
  </system-out>
  <testcase classname="tests.TC01_RegisterUser" name="S010_SelectOffers" time="0.067"/>
  <system-out>
    <![CDATA[The offers checkbox is checked<br>]]>
  </system-out>
  <testcase classname="tests.TC01_RegisterUser" name="S008_NameValidation" time="0.119"/>
  <system-out>
    <![CDATA[The name typed is shown<br>]]>
  </system-out>
  <testcase classname="tests.TC01_RegisterUser" name="S009_LastNameVaidation" time="0.144"/>
  <system-out>
    <![CDATA[The lastname typed is shown<br>]]>
  </system-out>
  <testcase classname="tests.TC01_RegisterUser" name="S010_NameAndLastnameValidation" time="0.062"/>
  <system-out>
    <![CDATA[The name and the last name typed at the beginning of the form is shown<br>]]>
  </system-out>
  <testcase classname="tests.TC01_RegisterUser" name="S011_CompanyValidation" time="0.126"/>
  <system-out>
    <![CDATA[The company typed is shown<br>]]>
  </system-out>
  <testcase classname="tests.TC01_RegisterUser" name="S012_AdrressValidation" time="0.116"/>
  <system-out>
    <![CDATA[The first address typed is shown<br>]]>
  </system-out>
  <testcase classname="tests.TC01_RegisterUser" name="S013_SecondAddressValidation" time="0.174"/>
  <system-out>
    <![CDATA[The second address typed is shown<br>]]>
  </system-out>
  <testcase classname="tests.TC01_RegisterUser" name="S014_CountrySelection" time="0.125"/>
  <system-out>
    <![CDATA[The country selected is shown<br>]]>
  </system-out>
  <testcase classname="tests.TC01_RegisterUser" name="S015_StateSelection" time="0.118"/>
  <system-out>
    <![CDATA[The state selected is shown<br>]]>
  </system-out>
  <testcase classname="tests.TC01_RegisterUser" name="S016_CityValidation" time="0.130"/>
  <system-out>
    <![CDATA[The city typed is shown<br>]]>
  </system-out>
  <testcase classname="tests.TC01_RegisterUser" name="S017_ZIPValidation" time="0.113"/>
  <system-out>
    <![CDATA[The ZIP code typed is shown<br>]]>
  </system-out>
  <testcase classname="tests.TC01_RegisterUser" name="S018_MobileNumberValidation" time="0.131"/>
  <system-out>
    <![CDATA[The mobile number typed is shown<br>]]>
  </system-out>
  <testcase classname="tests.TC01_RegisterUser" name="S019_ClickOnRegister" time="1.832"/>
  <system-out>
    <![CDATA[The account is created<br>]]>
  </system-out>
  <testcase classname="tests.TC01_RegisterUser" name="S020_LoginName" time="2.512"/>
  <system-out>
    <![CDATA[The name is showed<br>]]>
  </system-out>
  <testcase classname="tests.TC01_RegisterUser" name="S021_DeleteAccount" time="1.403"/>
  <system-out>
    <![CDATA[The account is deleted<br>]]>
  </system-out>
</testsuite> <!-- tests.TC01_RegisterUser -->
