<?xml version="1.0" encoding="UTF-8"?>
<!-- Generated by org.testng.reporters.JUnitReportReporter -->
<testsuite hostname="DESKTOP-V7PNRA7" failures="0" tests="5" name="tests.TC18_ViewCategory" time="12.234" errors="0" timestamp="2023-06-14T00:57:02 CST" skipped="0">
  <testcase classname="tests.TC18_ViewCategory" name="S001_GoWebpage" time="3.580"/>
  <system-out>
    <![CDATA[The webpage loads correctly<br>]]>
  </system-out>
  <testcase classname="tests.TC18_ViewCategory" name="S002_ClickWomen" time="0.496"/>
  <system-out/>
  <testcase classname="tests.TC18_ViewCategory" name="S003_ClickDress" time="2.950"/>
  <system-out/>
  <testcase classname="tests.TC18_ViewCategory" name="S004_ClickMen" time="0.593"/>
  <system-out/>
  <testcase classname="tests.TC18_ViewCategory" name="S005_ClickTshirt" time="4.615"/>
  <system-out/>
</testsuite> <!-- tests.TC18_ViewCategory -->
