<?xml version="1.0" encoding="UTF-8"?>
<!-- Generated by org.testng.reporters.JUnitReportReporter -->
<testsuite hostname="DESKTOP-V7PNRA7" failures="0" tests="12" name="tests.TC23_VerifyAddress" time="29.440" errors="0" timestamp="2023-06-13T15:41:00 CST" skipped="0">
  <testcase classname="tests.TC23_VerifyAddress" name="S001_GoWebpage" time="2.446"/>
  <system-out>
    <![CDATA[The webpage loads correctly<br>]]>
  </system-out>
  <testcase classname="tests.TC23_VerifyAddress" name="S002_CreateUser" time="11.858"/>
  <system-out>
    <![CDATA[The account is created<br>]]>
  </system-out>
  <testcase classname="tests.TC23_VerifyAddress" name="S003_LoginName" time="2.788"/>
  <system-out>
    <![CDATA[The name is showed<br>]]>
  </system-out>
  <testcase classname="tests.TC23_VerifyAddress" name="S002_ProductsClick" time="7.056"/>
  <system-out>
    <![CDATA[The Products page loads correctly<br>]]>
  </system-out>
  <testcase classname="tests.TC23_VerifyAddress" name="S003_AddToTheCart" time="0.687"/>
  <system-out>
    <![CDATA[Item Added Correctly  <br>]]>
  </system-out>
  <testcase classname="tests.TC23_VerifyAddress" name="S004_ContinueShopping" time="0.082"/>
  <system-out>
    <![CDATA[Continue Shopping  <br>]]>
  </system-out>
  <testcase classname="tests.TC23_VerifyAddress" name="S005_AddToTheCart2" time="0.662"/>
  <system-out>
    <![CDATA[Item Added Correctly  <br>]]>
  </system-out>
  <testcase classname="tests.TC23_VerifyAddress" name="S006_ViewCart" time="0.763"/>
  <system-out>
    <![CDATA[Summary page displayed <br>]]>
  </system-out>
  <testcase classname="tests.TC23_VerifyAddress" name="S007_VerifyItems" time="0.043"/>
  <system-out/>
  <testcase classname="tests.TC23_VerifyAddress" name="S008_CheckAddressChekout" time="1.538"/>
  <system-out>
    <![CDATA[Addres checkout correct <br>]]>
  </system-out>
  <testcase classname="tests.TC23_VerifyAddress" name="S009_CheckAddressInvoice" time="0.037"/>
  <system-out>
    <![CDATA[Addres Invoice Correct <br>]]>
  </system-out>
  <testcase classname="tests.TC23_VerifyAddress" name="S021_DeleteAccount" time="1.480"/>
  <system-out>
    <![CDATA[The account is deleted<br>]]>
  </system-out>
</testsuite> <!-- tests.TC23_VerifyAddress -->
