<?xml version="1.0" encoding="UTF-8"?>
<!-- Generated by org.testng.reporters.JUnitReportReporter -->
<testsuite hostname="DESKTOP-V7PNRA7" failures="0" tests="3" name="tests.TC26_ScrollDownAndUp" time="5.178" errors="0" timestamp="2023-06-14T00:57:02 CST" skipped="0">
  <testcase classname="tests.TC26_ScrollDownAndUp" name="S001_MainPage" time="4.948"/>
  <system-out>
    <![CDATA[The webpage loads correctly<br>]]>
  </system-out>
  <testcase classname="tests.TC26_ScrollDownAndUp" name="S002_SuscriptionDisplay" time="0.168"/>
  <system-out>
    <![CDATA[Subscription Input Showed Correctly  <br>]]>
  </system-out>
  <testcase classname="tests.TC26_ScrollDownAndUp" name="S003_UpPage" time="0.062"/>
  <system-out>
    <![CDATA[The Top Page Shows correctly<br>]]>
  </system-out>
</testsuite> <!-- tests.TC26_ScrollDownAndUp -->
