<?xml version="1.0" encoding="UTF-8"?>
<!-- Generated by org.testng.reporters.JUnitReportReporter -->
<testsuite hostname="DESKTOP-V7PNRA7" failures="0" tests="6" name="tests.TC10_VerifySubscription" time="20.502" errors="0" timestamp="2023-06-11T01:04:21 CST" skipped="0">
  <testcase classname="tests.TC10_VerifySubscription" name="S001_GoWebpage" time="4.053"/>
  <system-out>
    <![CDATA[The webpage loads correctly<br>]]>
  </system-out>
  <testcase classname="tests.TC10_VerifySubscription" name="S002_CreateUser" time="7.547"/>
  <system-out>
    <![CDATA[The account is created<br>]]>
  </system-out>
  <testcase classname="tests.TC10_VerifySubscription" name="S003_LoginName" time="3.163"/>
  <system-out>
    <![CDATA[The name is showed<br>]]>
  </system-out>
  <testcase classname="tests.TC10_VerifySubscription" name="S004_Logout" time="1.730"/>
  <system-out>
    <![CDATA[The Login form appears<br>]]>
  </system-out>
  <testcase classname="tests.TC10_VerifySubscription" name="S005_GoHome" time="3.445"/>
  <system-out>
    <![CDATA[The webpage loads correctly<br>]]>
  </system-out>
  <testcase classname="tests.TC10_VerifySubscription" name="S006_CheckSubscription" time="0.564"/>
  <system-out>
    <![CDATA[The subscription is correctly<br>]]>
  </system-out>
</testsuite> <!-- tests.TC10_VerifySubscription -->
