<?xml version="1.0" encoding="UTF-8"?>
<!-- Generated by org.testng.reporters.JUnitReportReporter -->
<testsuite hostname="DESKTOP-V7PNRA7" failures="0" tests="3" name="tests.TC19_ViewAndCart" time="7.986" errors="0" timestamp="2023-06-14T00:57:02 CST" skipped="0">
  <testcase classname="tests.TC19_ViewAndCart" name="S001_GoWebpage" time="4.633"/>
  <system-out>
    <![CDATA[The webpage loads correctly<br>]]>
  </system-out>
  <testcase classname="tests.TC19_ViewAndCart" name="S002_ClickBRand" time="0.680"/>
  <system-out/>
  <testcase classname="tests.TC19_ViewAndCart" name="S003_ClickBrandAgain" time="2.673"/>
  <system-out/>
</testsuite> <!-- tests.TC19_ViewAndCart -->
