<?xml version="1.0" encoding="UTF-8"?>
<!-- Generated by org.testng.reporters.JUnitReportReporter -->
<testsuite hostname="DESKTOP-V7PNRA7" failures="0" tests="14" name="tests.TC15_PlaceOrderAlreadyRegister" time="56.236" errors="0" timestamp="2023-06-14T13:21:16 CST" skipped="0">
  <testcase classname="tests.TC15_PlaceOrderAlreadyRegister" name="S001_GoWebpage" time="3.812"/>
  <system-out>
    <![CDATA[The webpage loads correctly<br>]]>
  </system-out>
  <testcase classname="tests.TC15_PlaceOrderAlreadyRegister" name="S002_CreateUser" time="11.603"/>
  <system-out>
    <![CDATA[The account is created<br>]]>
  </system-out>
  <testcase classname="tests.TC15_PlaceOrderAlreadyRegister" name="S003_LoginName" time="6.802"/>
  <system-out>
    <![CDATA[The name is showed<br>]]>
  </system-out>
  <testcase classname="tests.TC15_PlaceOrderAlreadyRegister" name="S004_ProductsClick" time="15.209"/>
  <system-out>
    <![CDATA[The Products page loads correctly<br>]]>
  </system-out>
  <testcase classname="tests.TC15_PlaceOrderAlreadyRegister" name="S005_AddToTheCart" time="2.919"/>
  <system-out>
    <![CDATA[Item Added Correctly  <br>]]>
  </system-out>
  <testcase classname="tests.TC15_PlaceOrderAlreadyRegister" name="S006_ContinueShopping" time="0.356"/>
  <system-out>
    <![CDATA[Continue Shopping  <br>]]>
  </system-out>
  <testcase classname="tests.TC15_PlaceOrderAlreadyRegister" name="S007_AddToTheCart2" time="0.885"/>
  <system-out>
    <![CDATA[Item Added Correctly  <br>]]>
  </system-out>
  <testcase classname="tests.TC15_PlaceOrderAlreadyRegister" name="S008_ViewCart" time="1.869"/>
  <system-out>
    <![CDATA[Summary page displayed <br>]]>
  </system-out>
  <testcase classname="tests.TC15_PlaceOrderAlreadyRegister" name="S009_VerifyItems" time="0.080"/>
  <system-out/>
  <testcase classname="tests.TC15_PlaceOrderAlreadyRegister" name="S010_Summary" time="2.561"/>
  <system-out>
    <![CDATA[address page displayed <br>]]>
  </system-out>
  <testcase classname="tests.TC15_PlaceOrderAlreadyRegister" name="S011_VerifyTotal" time="1.013"/>
  <system-out/>
  <testcase classname="tests.TC15_PlaceOrderAlreadyRegister" name="S012_Comment" time="3.369"/>
  <system-out>
    <![CDATA[shipping page displayed and terms accepted <br>]]>
  </system-out>
  <testcase classname="tests.TC15_PlaceOrderAlreadyRegister" name="S013_ProcedToOrderComplete" time="3.802"/>
  <system-out>
    <![CDATA[payment added correctly <br>]]>
  </system-out>
  <testcase classname="tests.TC15_PlaceOrderAlreadyRegister" name="S014_DeleteAccount" time="1.956"/>
  <system-out>
    <![CDATA[The account is deleted<br>]]>
  </system-out>
</testsuite> <!-- tests.TC15_PlaceOrderAlreadyRegister -->
