<?xml version="1.0" encoding="UTF-8"?>
<!-- Generated by org.testng.reporters.JUnitReportReporter -->
<testsuite hostname="DESKTOP-V7PNRA7" failures="0" tests="7" name="tests.TC05_RegisterUserWithAnExistingEmail" time="37.950" errors="0" timestamp="2023-06-14T17:33:26 CST" skipped="0">
  <testcase classname="tests.TC05_RegisterUserWithAnExistingEmail" name="S001_GoWebpage" time="8.720"/>
  <system-out>
    <![CDATA[The webpage loads correctly<br>]]>
  </system-out>
  <testcase classname="tests.TC05_RegisterUserWithAnExistingEmail" name="S002_CreateUser" time="8.786"/>
  <system-out>
    <![CDATA[The account is created<br>]]>
  </system-out>
  <testcase classname="tests.TC05_RegisterUserWithAnExistingEmail" name="S003_LoginName" time="6.469"/>
  <system-out>
    <![CDATA[The name is showed<br>]]>
  </system-out>
  <testcase classname="tests.TC05_RegisterUserWithAnExistingEmail" name="S004_Logout" time="3.566"/>
  <system-out>
    <![CDATA[The Login form appears<br>]]>
  </system-out>
  <testcase classname="tests.TC05_RegisterUserWithAnExistingEmail" name="S005_GoHome" time="3.320"/>
  <system-out>
    <![CDATA[The webpage loads correctly<br>]]>
  </system-out>
  <testcase classname="tests.TC05_RegisterUserWithAnExistingEmail" name="S006_GoLogin" time="3.227"/>
  <system-out>
    <![CDATA[Login correctly<br>]]>
  </system-out>
  <testcase classname="tests.TC05_RegisterUserWithAnExistingEmail" name="S007_LoginAfterCreateUser" time="3.862"/>
  <system-out>
    <![CDATA[The error message was displayed Succesfull<br>]]>
  </system-out>
</testsuite> <!-- tests.TC05_RegisterUserWithAnExistingEmail -->
