<?xml version="1.0" encoding="UTF-8"?>
<!-- Generated by org.testng.reporters.JUnitReportReporter -->
<testsuite hostname="DESKTOP-V7PNRA7" failures="0" tests="10" name="tests.TC08_AddCartWithoutAccount" time="39.958" errors="0" timestamp="2023-06-09T01:40:12 CST" skipped="0">
  <testcase classname="tests.TC08_AddCartWithoutAccount" name="S001_GoWebpage" time="3.139"/>
  <system-out>
    <![CDATA[The webpage loads correctly<br>]]>
  </system-out>
  <testcase classname="tests.TC08_AddCartWithoutAccount" name="S002_CreateUser" time="10.091"/>
  <system-out>
    <![CDATA[The account is created<br>]]>
  </system-out>
  <testcase classname="tests.TC08_AddCartWithoutAccount" name="S003_Logout" time="3.477"/>
  <system-out>
    <![CDATA[The account logout<br>]]>
  </system-out>
  <testcase classname="tests.TC08_AddCartWithoutAccount" name="S004_GoProdcuts" time="5.568"/>
  <system-out/>
  <testcase classname="tests.TC08_AddCartWithoutAccount" name="S005_GoTshirtPage" time="3.098"/>
  <system-out/>
  <testcase classname="tests.TC08_AddCartWithoutAccount" name="S006_SeeMore" time="4.453"/>
  <system-out>
    <![CDATA[Item Resume Showed Correctly  <br>]]>
  </system-out>
  <testcase classname="tests.TC08_AddCartWithoutAccount" name="S007_AddWishList" time="3.734"/>
  <system-out>
    <![CDATA[Summary page displayed <br>]]>
  </system-out>
  <testcase classname="tests.TC08_AddCartWithoutAccount" name="S008_Summary" time="1.546"/>
  <system-out>
    <![CDATA[Redirect to the account login <br>]]>
  </system-out>
  <testcase classname="tests.TC08_AddCartWithoutAccount" name="S009_Summary" time="2.135"/>
  <system-out>
    <![CDATA[The form appears<br>]]>
  </system-out>
  <testcase classname="tests.TC08_AddCartWithoutAccount" name="S010_CartWithLogin" time="2.717"/>
  <system-out>
    <![CDATA[Summary page displayed <br>]]>
  </system-out>
</testsuite> <!-- tests.TC08_AddCartWithoutAccount -->
