<?xml version="1.0" encoding="UTF-8"?>
<!-- Generated by org.testng.reporters.JUnitReportReporter -->
<testsuite hostname="DESKTOP-V7PNRA7" failures="0" tests="7" name="tests.TC05_RegisterUserWithAnExistingEmail" time="24.670" errors="0" timestamp="2023-06-10T21:52:56 CST" skipped="0">
  <testcase classname="tests.TC05_RegisterUserWithAnExistingEmail" name="S001_GoWebpage" time="5.489"/>
  <system-out>
    <![CDATA[The webpage loads correctly<br>]]>
  </system-out>
  <testcase classname="tests.TC05_RegisterUserWithAnExistingEmail" name="S002_CreateUser" time="7.441"/>
  <system-out>
    <![CDATA[The account is created<br>]]>
  </system-out>
  <testcase classname="tests.TC05_RegisterUserWithAnExistingEmail" name="S003_LoginName" time="3.515"/>
  <system-out>
    <![CDATA[The name is showed<br>]]>
  </system-out>
  <testcase classname="tests.TC05_RegisterUserWithAnExistingEmail" name="S007_Logout" time="1.587"/>
  <system-out>
    <![CDATA[The Login form appears<br>]]>
  </system-out>
  <testcase classname="tests.TC05_RegisterUserWithAnExistingEmail" name="S005_GoHome" time="3.670"/>
  <system-out>
    <![CDATA[The webpage loads correctly<br>]]>
  </system-out>
  <testcase classname="tests.TC05_RegisterUserWithAnExistingEmail" name="S006_GoLogin" time="0.858"/>
  <system-out>
    <![CDATA[Login correctly<br>]]>
  </system-out>
  <testcase classname="tests.TC05_RegisterUserWithAnExistingEmail" name="S007_TypeEmail" time="2.110"/>
  <system-out>
    <![CDATA[The error message was displayed Succesfull<br>]]>
  </system-out>
</testsuite> <!-- tests.TC05_RegisterUserWithAnExistingEmail -->
