<?xml version="1.0" encoding="UTF-8"?>
<!-- Generated by org.testng.reporters.JUnitReportReporter -->
<testsuite hostname="DESKTOP-V7PNRA7" failures="0" tests="6" name="tests.TC07_AddWishlist" time="37.386" errors="0" timestamp="2023-06-09T09:22:54 CST" skipped="0">
  <testcase classname="tests.TC07_AddWishlist" name="S001_GoWebpage" time="3.297"/>
  <system-out>
    <![CDATA[The webpage loads correctly<br>]]>
  </system-out>
  <testcase classname="tests.TC07_AddWishlist" name="S002_Login" time="9.903"/>
  <system-out>
    <![CDATA[The account is created<br>]]>
  </system-out>
  <testcase classname="tests.TC07_AddWishlist" name="S003_TypeMailAndPassword" time="17.578"/>
  <system-out>
    <![CDATA[The form appears<br>]]>
  </system-out>
  <testcase classname="tests.TC07_AddWishlist" name="S004_GoTshirtPage" time="4.427"/>
  <system-out/>
  <testcase classname="tests.TC07_AddWishlist" name="S005_AddToCart" time="0.766"/>
  <system-out>
    <![CDATA[Item Added Correctly  <br>]]>
  </system-out>
  <testcase classname="tests.TC07_AddWishlist" name="S006_ReviewCart" time="1.415"/>
  <system-out>
    <![CDATA[Summary page displayed <br>]]>
  </system-out>
</testsuite> <!-- tests.TC07_AddWishlist -->
