<?xml version="1.0" encoding="UTF-8"?>
<!-- Generated by org.testng.reporters.JUnitReportReporter -->
<testsuite hostname="DESKTOP-V7PNRA7" failures="0" tests="7" name="tests.TC13_VerifyProductQuantity" time="23.613" errors="0" timestamp="2023-06-13T15:41:00 CST" skipped="0">
  <testcase classname="tests.TC13_VerifyProductQuantity" name="S001_MainPage" time="1.959"/>
  <system-out>
    <![CDATA[The webpage loads correctly<br>]]>
  </system-out>
  <testcase classname="tests.TC13_VerifyProductQuantity" name="S002_ProductsClick" time="6.049"/>
  <system-out>
    <![CDATA[The Products page loads correctly<br>]]>
  </system-out>
  <testcase classname="tests.TC13_VerifyProductQuantity" name="S003_SeeMore" time="10.620"/>
  <system-out>
    <![CDATA[Item Resume Showed Correctly  <br>]]>
  </system-out>
  <testcase classname="tests.TC13_VerifyProductQuantity" name="S004_SelectTshirt" time="1.669"/>
  <system-out>
    <![CDATA[Item added to cart <br>]]>
  </system-out>
  <testcase classname="tests.TC13_VerifyProductQuantity" name="S005_ViewCart" time="3.269"/>
  <system-out>
    <![CDATA[Summary page displayed <br>]]>
  </system-out>
  <testcase classname="tests.TC13_VerifyProductQuantity" name="S006_VerifyItems" time="0.020"/>
  <system-out/>
  <testcase classname="tests.TC13_VerifyProductQuantity" name="S006_VerifyQuantity" time="0.027"/>
  <system-out/>
</testsuite> <!-- tests.TC13_VerifyProductQuantity -->
