<?xml version="1.0" encoding="UTF-8"?>
<!-- Generated by org.testng.reporters.JUnitReportReporter -->
<testsuite hostname="DESKTOP-V7PNRA7" failures="0" tests="9" name="tests.TC09_ProductQuantity" time="26.110" errors="0" timestamp="2023-06-09T10:12:04 CST" skipped="0">
  <testcase classname="tests.TC09_ProductQuantity" name="S001_GoWebpage" time="3.179"/>
  <system-out>
    <![CDATA[The webpage loads correctly<br>]]>
  </system-out>
  <testcase classname="tests.TC09_ProductQuantity" name="S002_CreateUser" time="7.055"/>
  <system-out>
    <![CDATA[The account is created<br>]]>
  </system-out>
  <testcase classname="tests.TC09_ProductQuantity" name="S003_AccesToPage" time="7.418"/>
  <system-out>
    <![CDATA[The account logout<br>]]>
  </system-out>
  <testcase classname="tests.TC09_ProductQuantity" name="S004_HoverClickTshirt" time="3.673"/>
  <system-out/>
  <testcase classname="tests.TC09_ProductQuantity" name="S005_HoverFirstProductMore" time="1.736"/>
  <system-out/>
  <testcase classname="tests.TC09_ProductQuantity" name="S006_VerifyCuantity" time="0.390"/>
  <system-out>
    <![CDATA[Quantity of the product=3 <br>]]>
  </system-out>
  <testcase classname="tests.TC09_ProductQuantity" name="S009_AddCart" time="0.675"/>
  <system-out>
    <![CDATA[Item Added Correctly  <br>]]>
  </system-out>
  <testcase classname="tests.TC09_ProductQuantity" name="S010_CheckOutClick" time="1.908"/>
  <system-out>
    <![CDATA[Summary page displayed <br>]]>
  </system-out>
  <testcase classname="tests.TC09_ProductQuantity" name="S009_VerifyNewPrice" time="0.076"/>
  <system-out/>
</testsuite> <!-- tests.TC09_ProductQuantity -->
