<?xml version="1.0" encoding="UTF-8"?>
<!-- Generated by org.testng.reporters.JUnitReportReporter -->
<testsuite hostname="DESKTOP-V7PNRA7" failures="0" tests="9" name="tests.TC02_LoginUser" time="22.645" errors="0" timestamp="2023-06-13T15:41:00 CST" skipped="0">
  <testcase classname="tests.TC02_LoginUser" name="S001_GoWebpage" time="2.434"/>
  <system-out>
    <![CDATA[The webpage loads correctly<br>]]>
  </system-out>
  <testcase classname="tests.TC02_LoginUser" name="S002_CreateUser" time="6.084"/>
  <system-out>
    <![CDATA[The account is created<br>]]>
  </system-out>
  <testcase classname="tests.TC02_LoginUser" name="S003_LoginName" time="2.861"/>
  <system-out>
    <![CDATA[The name is showed<br>]]>
  </system-out>
  <testcase classname="tests.TC02_LoginUser" name="S004_Logout" time="1.985"/>
  <system-out>
    <![CDATA[The Login form appears<br>]]>
  </system-out>
  <testcase classname="tests.TC02_LoginUser" name="S005_GoHome" time="3.584"/>
  <system-out>
    <![CDATA[The webpage loads correctly<br>]]>
  </system-out>
  <testcase classname="tests.TC02_LoginUser" name="S006_GoLogin" time="1.199"/>
  <system-out>
    <![CDATA[Login correctly<br>]]>
  </system-out>
  <testcase classname="tests.TC02_LoginUser" name="S007_TypeEmail" time="2.595"/>
  <system-out>
    <![CDATA[The Login was Succesfull<br>]]>
  </system-out>
  <testcase classname="tests.TC02_LoginUser" name="S008_LoginName" time="0.512"/>
  <system-out>
    <![CDATA[The name is showed<br>]]>
  </system-out>
  <testcase classname="tests.TC02_LoginUser" name="S009_DeleteAccount" time="1.391"/>
  <system-out>
    <![CDATA[The account is deleted<br>]]>
  </system-out>
</testsuite> <!-- tests.TC02_LoginUser -->
