<?xml version="1.0" encoding="UTF-8"?>
<!-- Generated by org.testng.reporters.JUnitReportReporter -->
<testsuite hostname="DESKTOP-V7PNRA7" failures="0" tests="6" name="tests.TC11_CartSubscription" time="18.437" errors="0" timestamp="2023-06-11T01:10:40 CST" skipped="0">
  <testcase classname="tests.TC11_CartSubscription" name="S001_GoWebpage" time="4.262"/>
  <system-out>
    <![CDATA[The webpage loads correctly<br>]]>
  </system-out>
  <testcase classname="tests.TC11_CartSubscription" name="S002_CreateUser" time="7.741"/>
  <system-out>
    <![CDATA[The account is created<br>]]>
  </system-out>
  <testcase classname="tests.TC11_CartSubscription" name="S003_LoginName" time="3.099"/>
  <system-out>
    <![CDATA[The name is showed<br>]]>
  </system-out>
  <testcase classname="tests.TC11_CartSubscription" name="S004_Logout" time="1.404"/>
  <system-out>
    <![CDATA[The Login form appears<br>]]>
  </system-out>
  <testcase classname="tests.TC11_CartSubscription" name="S005_GoCart" time="1.679"/>
  <system-out>
    <![CDATA[The webpage loads correctly<br>]]>
  </system-out>
  <testcase classname="tests.TC11_CartSubscription" name="S006_CheckSubscription" time="0.252"/>
  <system-out>
    <![CDATA[The subscription is correctly<br>]]>
  </system-out>
</testsuite> <!-- tests.TC11_CartSubscription -->
