<?xml version="1.0" encoding="UTF-8"?>
<!-- Generated by org.testng.reporters.JUnitReportReporter -->
<testsuite hostname="DESKTOP-V7PNRA7" failures="0" tests="14" name="tests.TC20_SearchProductsandVerifyCart" time="58.111" errors="0" timestamp="2023-06-14T00:57:02 CST" skipped="0">
  <testcase classname="tests.TC20_SearchProductsandVerifyCart" name="S001_MainPage" time="3.112"/>
  <system-out>
    <![CDATA[The webpage loads correctly<br>]]>
  </system-out>
  <testcase classname="tests.TC20_SearchProductsandVerifyCart" name="S002_CreateUser" time="12.542"/>
  <system-out>
    <![CDATA[The account is created<br>]]>
  </system-out>
  <testcase classname="tests.TC20_SearchProductsandVerifyCart" name="S003_LoginName" time="6.196"/>
  <system-out>
    <![CDATA[The name is showed<br>]]>
  </system-out>
  <testcase classname="tests.TC20_SearchProductsandVerifyCart" name="S004_Logout" time="6.093"/>
  <system-out>
    <![CDATA[The Login form appears<br>]]>
  </system-out>
  <testcase classname="tests.TC20_SearchProductsandVerifyCart" name="S005_ProductsClick" time="13.056"/>
  <system-out>
    <![CDATA[The Products page loads correctly<br>]]>
  </system-out>
  <testcase classname="tests.TC20_SearchProductsandVerifyCart" name="S006_SearchItemDisplayed" time="0.035"/>
  <system-out>
    <![CDATA[Search input was displayed <br>]]>
  </system-out>
  <testcase classname="tests.TC20_SearchProductsandVerifyCart" name="S007_SearchItem" time="4.399"/>
  <system-out>
    <![CDATA[Item searched matches with the item displayed <br>]]>
  </system-out>
  <testcase classname="tests.TC20_SearchProductsandVerifyCart" name="S008_AddToTheCart" time="0.737"/>
  <system-out>
    <![CDATA[Item Added Correctly  <br>]]>
  </system-out>
  <testcase classname="tests.TC20_SearchProductsandVerifyCart" name="S009_ViewCart" time="1.969"/>
  <system-out>
    <![CDATA[Summary page displayed <br>]]>
  </system-out>
  <testcase classname="tests.TC20_SearchProductsandVerifyCart" name="S010_VerifyItems" time="0.019"/>
  <system-out/>
  <testcase classname="tests.TC20_SearchProductsandVerifyCart" name="S011_GoLogin" time="3.838"/>
  <system-out>
    <![CDATA[Login correctly<br>]]>
  </system-out>
  <testcase classname="tests.TC20_SearchProductsandVerifyCart" name="S012_Summary" time="2.866"/>
  <system-out>
    <![CDATA[The form appears<br>]]>
  </system-out>
  <testcase classname="tests.TC20_SearchProductsandVerifyCart" name="S013_ViewCartAfterLogin" time="0.971"/>
  <system-out>
    <![CDATA[Summary page displayed <br>]]>
  </system-out>
  <testcase classname="tests.TC20_SearchProductsandVerifyCart" name="S014_VerifyItemsAfterLogin" time="2.278"/>
  <system-out/>
</testsuite> <!-- tests.TC20_SearchProductsandVerifyCart -->
