<?xml version="1.0" encoding="UTF-8"?>
<!-- Generated by org.testng.reporters.JUnitReportReporter -->
<testsuite hostname="DESKTOP-V7PNRA7" failures="0" tests="19" name="tests.TC14_PlaceOrderWhileRigisterCheckout" time="55.122" errors="0" timestamp="2023-06-13T15:41:00 CST" skipped="0">
  <testcase classname="tests.TC14_PlaceOrderWhileRigisterCheckout" name="S001_GoWebpage" time="4.046"/>
  <system-out>
    <![CDATA[The webpage loads correctly<br>]]>
  </system-out>
  <testcase classname="tests.TC14_PlaceOrderWhileRigisterCheckout" name="S002_CreateUser" time="12.482"/>
  <system-out>
    <![CDATA[The account is created<br>]]>
  </system-out>
  <testcase classname="tests.TC14_PlaceOrderWhileRigisterCheckout" name="S003_LoginName" time="5.109"/>
  <system-out>
    <![CDATA[The name is showed<br>]]>
  </system-out>
  <testcase classname="tests.TC14_PlaceOrderWhileRigisterCheckout" name="S004_Logout" time="3.267"/>
  <system-out>
    <![CDATA[The Login form appears<br>]]>
  </system-out>
  <testcase classname="tests.TC14_PlaceOrderWhileRigisterCheckout" name="S002_ProductsClick" time="9.523"/>
  <system-out>
    <![CDATA[The Products page loads correctly<br>]]>
  </system-out>
  <testcase classname="tests.TC14_PlaceOrderWhileRigisterCheckout" name="S003_AddToTheCart" time="1.823"/>
  <system-out>
    <![CDATA[Item Added Correctly  <br>]]>
  </system-out>
  <testcase classname="tests.TC14_PlaceOrderWhileRigisterCheckout" name="S004_ContinueShopping" time="0.094"/>
  <system-out>
    <![CDATA[Continue Shopping  <br>]]>
  </system-out>
  <testcase classname="tests.TC14_PlaceOrderWhileRigisterCheckout" name="S005_AddToTheCart2" time="0.680"/>
  <system-out>
    <![CDATA[Item Added Correctly  <br>]]>
  </system-out>
  <testcase classname="tests.TC14_PlaceOrderWhileRigisterCheckout" name="S006_ViewCart" time="1.841"/>
  <system-out>
    <![CDATA[Summary page displayed <br>]]>
  </system-out>
  <testcase classname="tests.TC14_PlaceOrderWhileRigisterCheckout" name="S007_VerifyItems" time="0.101"/>
  <system-out/>
  <testcase classname="tests.TC14_PlaceOrderWhileRigisterCheckout" name="S008_Summary" time="2.800"/>
  <system-out>
    <![CDATA[Redirect to the account login <br>]]>
  </system-out>
  <testcase classname="tests.TC14_PlaceOrderWhileRigisterCheckout" name="S012_Summary" time="2.791"/>
  <system-out>
    <![CDATA[The form appears<br>]]>
  </system-out>
  <testcase classname="tests.TC14_PlaceOrderWhileRigisterCheckout" name="S013_ViewCartAfterLogin" time="1.249"/>
  <system-out>
    <![CDATA[Summary page displayed <br>]]>
  </system-out>
  <testcase classname="tests.TC14_PlaceOrderWhileRigisterCheckout" name="S014_VerifyItemsAfterLogin" time="0.054"/>
  <system-out/>
  <testcase classname="tests.TC14_PlaceOrderWhileRigisterCheckout" name="S015_CartResume" time="1.724"/>
  <system-out>
    <![CDATA[address page displayed <br>]]>
  </system-out>
  <testcase classname="tests.TC14_PlaceOrderWhileRigisterCheckout" name="S015_VerifyTotal" time="0.256"/>
  <system-out/>
  <testcase classname="tests.TC14_PlaceOrderWhileRigisterCheckout" name="S010_Comment" time="1.882"/>
  <system-out>
    <![CDATA[shipping page displayed and terms accepted <br>]]>
  </system-out>
  <testcase classname="tests.TC14_PlaceOrderWhileRigisterCheckout" name="S011_ProcedToOrderComplete" time="3.637"/>
  <system-out>
    <![CDATA[payment added correctly <br>]]>
  </system-out>
  <testcase classname="tests.TC14_PlaceOrderWhileRigisterCheckout" name="S021_DeleteAccount" time="1.763"/>
  <system-out>
    <![CDATA[The account is deleted<br>]]>
  </system-out>
</testsuite> <!-- tests.TC14_PlaceOrderWhileRigisterCheckout -->
