<?xml version="1.0" encoding="UTF-8"?>
<!-- Generated by org.testng.reporters.JUnitReportReporter -->
<testsuite hostname="DESKTOP-V7PNRA7" failures="0" tests="16" name="tests.TC24_DownloadInvoice" time="53.212" errors="0" timestamp="2023-06-14T00:57:02 CST" skipped="0">
  <testcase classname="tests.TC24_DownloadInvoice" name="S001_GoWebpage" time="3.539"/>
  <system-out>
    <![CDATA[The webpage loads correctly<br>]]>
  </system-out>
  <testcase classname="tests.TC24_DownloadInvoice" name="S002_ProductsClick" time="4.921"/>
  <system-out>
    <![CDATA[The Products page loads correctly<br>]]>
  </system-out>
  <testcase classname="tests.TC24_DownloadInvoice" name="S003_AddToTheCart" time="0.544"/>
  <system-out>
    <![CDATA[Item Added Correctly  <br>]]>
  </system-out>
  <testcase classname="tests.TC24_DownloadInvoice" name="S004_ContinueShopping" time="0.108"/>
  <system-out>
    <![CDATA[Continue Shopping  <br>]]>
  </system-out>
  <testcase classname="tests.TC24_DownloadInvoice" name="S005_AddToTheCart2" time="1.652"/>
  <system-out>
    <![CDATA[Item Added Correctly  <br>]]>
  </system-out>
  <testcase classname="tests.TC24_DownloadInvoice" name="S006_ViewCart" time="2.127"/>
  <system-out>
    <![CDATA[Summary page displayed <br>]]>
  </system-out>
  <testcase classname="tests.TC24_DownloadInvoice" name="S007_VerifyItems" time="0.379"/>
  <system-out/>
  <testcase classname="tests.TC24_DownloadInvoice" name="S008_Summary" time="2.190"/>
  <system-out>
    <![CDATA[Redirect to the account login <br>]]>
  </system-out>
  <testcase classname="tests.TC24_DownloadInvoice" name="S009_CreateUser" time="7.306"/>
  <system-out>
    <![CDATA[The account is created<br>]]>
  </system-out>
  <testcase classname="tests.TC24_DownloadInvoice" name="S010_LoginName" time="3.957"/>
  <system-out>
    <![CDATA[The name is showed<br>]]>
  </system-out>
  <testcase classname="tests.TC24_DownloadInvoice" name="S011_ViewCart" time="1.546"/>
  <system-out>
    <![CDATA[Summary page displayed <br>]]>
  </system-out>
  <testcase classname="tests.TC24_DownloadInvoice" name="S012_Summary" time="1.253"/>
  <system-out>
    <![CDATA[address page displayed <br>]]>
  </system-out>
  <testcase classname="tests.TC24_DownloadInvoice" name="S013_Comment" time="4.281"/>
  <system-out>
    <![CDATA[shipping page displayed and terms accepted <br>]]>
  </system-out>
  <testcase classname="tests.TC24_DownloadInvoice" name="S014_ProcedToOrderComplete" time="12.312"/>
  <system-out>
    <![CDATA[payment added correctly <br>]]>
  </system-out>
  <testcase classname="tests.TC24_DownloadInvoice" name="S015_DownloadInvoice" time="5.391"/>
  <system-out/>
  <testcase classname="tests.TC24_DownloadInvoice" name="S016_DeleteAccount" time="1.706"/>
  <system-out>
    <![CDATA[The account is deleted<br>]]>
  </system-out>
</testsuite> <!-- tests.TC24_DownloadInvoice -->
