<?xml version="1.0" encoding="UTF-8"?>
<!-- Generated by org.testng.reporters.JUnitReportReporter -->
<testsuite hostname="DESKTOP-V7PNRA7" failures="0" tests="12" name="tests.TC23_VerifyAddress" time="63.849" errors="0" timestamp="2023-06-12T16:00:51 CST" skipped="0">
  <testcase classname="tests.TC23_VerifyAddress" name="S001_GoWebpage" time="4.493"/>
  <system-out>
    <![CDATA[The webpage loads correctly<br>]]>
  </system-out>
  <testcase classname="tests.TC23_VerifyAddress" name="S002_CreateUser" time="12.016"/>
  <system-out>
    <![CDATA[The account is created<br>]]>
  </system-out>
  <testcase classname="tests.TC23_VerifyAddress" name="S003_LoginName" time="5.989"/>
  <system-out>
    <![CDATA[The name is showed<br>]]>
  </system-out>
  <testcase classname="tests.TC23_VerifyAddress" name="S002_ProductsClick" time="18.704"/>
  <system-out>
    <![CDATA[The Products page loads correctly<br>]]>
  </system-out>
  <testcase classname="tests.TC23_VerifyAddress" name="S003_AddToTheCart" time="2.735"/>
  <system-out>
    <![CDATA[Item Added Correctly  <br>]]>
  </system-out>
  <testcase classname="tests.TC23_VerifyAddress" name="S004_ContinueShopping" time="0.248"/>
  <system-out>
    <![CDATA[Continue Shopping  <br>]]>
  </system-out>
  <testcase classname="tests.TC23_VerifyAddress" name="S005_AddToTheCart2" time="1.955"/>
  <system-out>
    <![CDATA[Item Added Correctly  <br>]]>
  </system-out>
  <testcase classname="tests.TC23_VerifyAddress" name="S006_ViewCart" time="5.945"/>
  <system-out>
    <![CDATA[Summary page displayed <br>]]>
  </system-out>
  <testcase classname="tests.TC23_VerifyAddress" name="S007_VerifyItems" time="0.144"/>
  <system-out/>
  <testcase classname="tests.TC23_VerifyAddress" name="S008_CheckAddressChekout" time="2.572"/>
  <system-out>
    <![CDATA[Addres checkout correct <br>]]>
  </system-out>
  <testcase classname="tests.TC23_VerifyAddress" name="S009_CheckAddressInvoice" time="0.071"/>
  <system-out>
    <![CDATA[Addres Invoice Correct <br>]]>
  </system-out>
  <testcase classname="tests.TC23_VerifyAddress" name="S021_DeleteAccount" time="8.977"/>
  <system-out>
    <![CDATA[The account is deleted<br>]]>
  </system-out>
</testsuite> <!-- tests.TC23_VerifyAddress -->
