<?xml version="1.0" encoding="UTF-8"?>
<!-- Generated by org.testng.reporters.JUnitReportReporter -->
<testsuite hostname="DESKTOP-V7PNRA7" failures="0" tests="8" name="tests.TC17_RemoveElementFromtheCart" time="12.436" errors="0" timestamp="2023-06-11T22:15:15 CST" skipped="0">
  <testcase classname="tests.TC17_RemoveElementFromtheCart" name="S001_GoWebpage" time="3.784"/>
  <system-out>
    <![CDATA[The webpage loads correctly<br>]]>
  </system-out>
  <testcase classname="tests.TC17_RemoveElementFromtheCart" name="S002_ProductsClick" time="3.047"/>
  <system-out>
    <![CDATA[The Products page loads correctly<br>]]>
  </system-out>
  <testcase classname="tests.TC17_RemoveElementFromtheCart" name="S003_AddToTheCart" time="1.105"/>
  <system-out>
    <![CDATA[Item Added Correctly  <br>]]>
  </system-out>
  <testcase classname="tests.TC17_RemoveElementFromtheCart" name="S004_ContinueShopping" time="0.118"/>
  <system-out>
    <![CDATA[Continue Shopping  <br>]]>
  </system-out>
  <testcase classname="tests.TC17_RemoveElementFromtheCart" name="S005_AddToTheCart2" time="0.755"/>
  <system-out>
    <![CDATA[Item Added Correctly  <br>]]>
  </system-out>
  <testcase classname="tests.TC17_RemoveElementFromtheCart" name="S006_ViewCart" time="1.425"/>
  <system-out>
    <![CDATA[Summary page displayed <br>]]>
  </system-out>
  <testcase classname="tests.TC17_RemoveElementFromtheCart" name="S007_VerifyItems" time="0.106"/>
  <system-out/>
  <testcase classname="tests.TC17_RemoveElementFromtheCart" name="S008_VerifyItems" time="2.096"/>
  <system-out/>
</testsuite> <!-- tests.TC17_RemoveElementFromtheCart -->
