<?xml version="1.0" encoding="UTF-8"?>
<!-- Generated by org.testng.reporters.JUnitReportReporter -->
<testsuite hostname="DESKTOP-V7PNRA7" failures="0" tests="3" name="tests.TC09_SerchProduct" time="12.186" errors="0" timestamp="2023-06-10T22:49:02 CST" skipped="0">
  <testcase classname="tests.TC09_SerchProduct" name="S001_MainPage" time="3.484"/>
  <system-out>
    <![CDATA[The webpage loads correctly<br>]]>
  </system-out>
  <testcase classname="tests.TC09_SerchProduct" name="S002_ProductsClick" time="6.300"/>
  <system-out>
    <![CDATA[The Products page loads correctly<br>]]>
  </system-out>
  <testcase classname="tests.TC09_SerchProduct" name="S004_SearchItem" time="2.402"/>
  <system-out>
    <![CDATA[Item searched matches with the item displayed <br>]]>
  </system-out>
</testsuite> <!-- tests.TC09_SerchProduct -->
