<?xml version="1.0" encoding="UTF-8"?>
<!-- Generated by org.testng.reporters.JUnitReportReporter -->
<testsuite hostname="DESKTOP-V7PNRA7" failures="1" tests="12" name="tests.TC02_InvalidEmail" time="16.719" errors="0" timestamp="2023-06-07T00:48:03 CST" skipped="0">
  <testcase classname="tests.TC02_InvalidEmail" name="S001_MainPage" time="5.690"/>
  <system-out>
    <![CDATA[The webpage loads correctly<br>]]>
  </system-out>
  <testcase classname="tests.TC02_InvalidEmail" name="S002_LogInClick" time="1.587"/>
  <system-out>
    <![CDATA[The login page loads correctly<br>]]>
  </system-out>
  <testcase classname="tests.TC02_InvalidEmail" name="S003_EnterEmailAdress" time="0.425"/>
  <system-out>
    <![CDATA[Incluye un signo "@" en la dirección de correo electrónico. La dirección "testmail18631314" no incluye el signo "@". <br> ]]>
  </system-out>
  <testcase classname="tests.TC02_InvalidEmail" name="S003_EnterEmailAdress" time="0.612"/>
  <system-out>
    <![CDATA[Ingresa texto después del signo "@". La dirección "testmail18631314@" está incompleta. <br> ]]>
  </system-out>
  <testcase classname="tests.TC02_InvalidEmail" name="S003_EnterEmailAdress" time="0.435"/>
  <system-out>
    <![CDATA[El signo "." está colocado en una posición incorrecta en ".com". <br> ]]>
  </system-out>
  <testcase classname="tests.TC02_InvalidEmail" name="S003_EnterEmailAdress" time="0.441"/>
  <system-out>
    <![CDATA[Ingresa texto antes del signo "@". La dirección "@gmail.com" está incompleta. <br> ]]>
  </system-out>
  <testcase classname="tests.TC02_InvalidEmail" name="S003_EnterEmailAdress" time="0.427"/>
  <system-out>
    <![CDATA[Ingresa texto antes del signo "@". La dirección "@gmail.com" está incompleta. <br> ]]>
  </system-out>
  <testcase classname="tests.TC02_InvalidEmail" name="S003_EnterEmailAdress" time="0.410"/>
  <system-out>
    <![CDATA[Incluye un signo "@" en la dirección de correo electrónico. La dirección "testmail" no incluye el signo "@". <br> ]]>
  </system-out>
  <testcase classname="tests.TC02_InvalidEmail" name="S003_EnterEmailAdress" time="0.444"/>
  <system-out>
    <![CDATA[Incluye un signo "@" en la dirección de correo electrónico. La dirección "!#$%&/&())=&&(//¨¨[" no incluye el signo "@". <br> ]]>
  </system-out>
  <testcase classname="tests.TC02_InvalidEmail" name="S003_EnterEmailAdress" time="5.198">
    <failure message="null" type="java.lang.AssertionError">
      <![CDATA[java.lang.AssertionError: null
at org.testng.Assert.fail(Assert.java:99)
at org.testng.Assert.fail(Assert.java:106)
at tests.TC02_InvalidEmail.S003_EnterEmailAdress(TC02_InvalidEmail.java:117)
at java.base/jdk.internal.reflect.NativeMethodAccessorImpl.invoke0(Native Method)
at java.base/jdk.internal.reflect.NativeMethodAccessorImpl.invoke(NativeMethodAccessorImpl.java:77)
at java.base/jdk.internal.reflect.DelegatingMethodAccessorImpl.invoke(DelegatingMethodAccessorImpl.java:43)
at java.base/java.lang.reflect.Method.invoke(Method.java:568)
at org.testng.internal.MethodInvocationHelper.invokeMethod(MethodInvocationHelper.java:133)
at org.testng.internal.TestInvoker.invokeMethod(TestInvoker.java:598)
at org.testng.internal.TestInvoker.invokeTestMethod(TestInvoker.java:173)
at org.testng.internal.MethodRunner.runInSequence(MethodRunner.java:46)
at org.testng.internal.TestInvoker$MethodInvocationAgent.invoke(TestInvoker.java:824)
at org.testng.internal.TestInvoker.invokeTestMethods(TestInvoker.java:146)
at org.testng.internal.TestMethodWorker.invokeTestMethods(TestMethodWorker.java:146)
at org.testng.internal.TestMethodWorker.run(TestMethodWorker.java:128)
at java.base/java.util.ArrayList.forEach(ArrayList.java:1511)
at org.testng.TestRunner.privateRun(TestRunner.java:794)
at org.testng.TestRunner.run(TestRunner.java:596)
at org.testng.SuiteRunner.runTest(SuiteRunner.java:377)
at org.testng.SuiteRunner.runSequentially(SuiteRunner.java:371)
at org.testng.SuiteRunner.privateRun(SuiteRunner.java:332)
at org.testng.SuiteRunner.run(SuiteRunner.java:276)
at org.testng.SuiteRunnerWorker.runSuite(SuiteRunnerWorker.java:53)
at org.testng.SuiteRunnerWorker.run(SuiteRunnerWorker.java:96)
at org.testng.TestNG.runSuitesSequentially(TestNG.java:1212)
at org.testng.TestNG.runSuitesLocally(TestNG.java:1134)
at org.testng.TestNG.runSuites(TestNG.java:1063)
at org.testng.TestNG.run(TestNG.java:1031)
at org.testng.remote.AbstractRemoteTestNG.run(AbstractRemoteTestNG.java:115)
at org.testng.remote.RemoteTestNG.initAndRun(RemoteTestNG.java:251)
at org.testng.remote.RemoteTestNG.main(RemoteTestNG.java:77)
]]>
    </failure>
  </testcase> <!-- S003_EnterEmailAdress -->
  <system-out>
    <![CDATA[testmail18631314@gmailcom <br> ]]>
  </system-out>
  <testcase classname="tests.TC02_InvalidEmail" name="S003_EnterEmailAdress" time="0.419"/>
  <system-out>
    <![CDATA[Incluye un signo "@" en la dirección de correo electrónico. La dirección "18631314" no incluye el signo "@". <br> ]]>
  </system-out>
  <testcase classname="tests.TC02_InvalidEmail" name="S003_EnterEmailAdress" time="0.631"/>
  <system-out>
    <![CDATA[Incluye un signo "@" en la dirección de correo electrónico. La dirección "testmail18631314gmail.com" no incluye el signo "@". <br> ]]>
  </system-out>
</testsuite> <!-- tests.TC02_InvalidEmail -->
