<?xml version="1.0" encoding="UTF-8"?>
<!-- Generated by org.testng.reporters.JUnitReportReporter -->
<testsuite hostname="DESKTOP-V7PNRA7" failures="0" tests="3" name="tests.TC25_ScrollDownAndArrow" time="6.597" errors="0" timestamp="2023-06-12T17:01:00 CST" skipped="0">
  <testcase classname="tests.TC25_ScrollDownAndArrow" name="S001_MainPage" time="4.012"/>
  <system-out>
    <![CDATA[The webpage loads correctly<br>]]>
  </system-out>
  <testcase classname="tests.TC25_ScrollDownAndArrow" name="S002_SuscriptionDisplay" time="0.216"/>
  <system-out>
    <![CDATA[Subscription Input Showed Correctly  <br>]]>
  </system-out>
  <testcase classname="tests.TC25_ScrollDownAndArrow" name="S003_UpPage" time="2.369"/>
  <system-out>
    <![CDATA[The Top Page Shows correctly<br>]]>
  </system-out>
</testsuite> <!-- tests.TC25_ScrollDownAndArrow -->
