<?xml version="1.0" encoding="UTF-8"?>
<!-- Generated by org.testng.reporters.JUnitReportReporter -->
<testsuite hostname="DESKTOP-V7PNRA7" failures="0" tests="6" name="tests.TC06_ContactUsForm" time="11.010" errors="0" timestamp="2023-06-10T21:54:56 CST" skipped="0">
  <testcase classname="tests.TC06_ContactUsForm" name="S001_MainPage" time="4.291"/>
  <system-out>
    <![CDATA[The webpage loads correctly<br>]]>
  </system-out>
  <testcase classname="tests.TC06_ContactUsForm" name="S002_LogInClick" time="2.606"/>
  <system-out>
    <![CDATA[The Contact page loads correctly<br>]]>
  </system-out>
  <testcase classname="tests.TC06_ContactUsForm" name="S003_FillForm" time="0.785"/>
  <system-out>
    <![CDATA[The form was filled <br>]]>
  </system-out>
  <testcase classname="tests.TC06_ContactUsForm" name="S004_UplaodFile" time="0.071"/>
  <system-out>
    <![CDATA[The file was upload <br>]]>
  </system-out>
  <testcase classname="tests.TC06_ContactUsForm" name="S005_SubmitForm" time="0.193"/>
  <system-out>
    <![CDATA[The form was sent correctly <br>]]>
  </system-out>
  <testcase classname="tests.TC06_ContactUsForm" name="S006_MainPage" time="3.064"/>
  <system-out>
    <![CDATA[The webpage loads correctly<br>]]>
  </system-out>
</testsuite> <!-- tests.TC06_ContactUsForm -->
