<?xml version="1.0" encoding="UTF-8"?>
<!-- Generated by org.testng.reporters.JUnitReportReporter -->
<testsuite hostname="DESKTOP-V7PNRA7" failures="0" tests="19" name="tests.TC14_PlaceOrderWhileRigisterCheckout" time="48.168" errors="0" timestamp="2023-06-14T17:33:26 CST" skipped="0">
  <testcase classname="tests.TC14_PlaceOrderWhileRigisterCheckout" name="S001_GoWebpage" time="3.351"/>
  <system-out>
    <![CDATA[The webpage loads correctly<br>]]>
  </system-out>
  <testcase classname="tests.TC14_PlaceOrderWhileRigisterCheckout" name="S002_CreateUser" time="15.249"/>
  <system-out>
    <![CDATA[The account is created<br>]]>
  </system-out>
  <testcase classname="tests.TC14_PlaceOrderWhileRigisterCheckout" name="S003_LoginName" time="2.787"/>
  <system-out>
    <![CDATA[The name is showed<br>]]>
  </system-out>
  <testcase classname="tests.TC14_PlaceOrderWhileRigisterCheckout" name="S004_Logout" time="1.651"/>
  <system-out>
    <![CDATA[The Login form appears<br>]]>
  </system-out>
  <testcase classname="tests.TC14_PlaceOrderWhileRigisterCheckout" name="S005_ProductsClick" time="5.605"/>
  <system-out>
    <![CDATA[The Products page loads correctly<br>]]>
  </system-out>
  <testcase classname="tests.TC14_PlaceOrderWhileRigisterCheckout" name="S006_AddToTheCart" time="0.528"/>
  <system-out>
    <![CDATA[Item Added Correctly  <br>]]>
  </system-out>
  <testcase classname="tests.TC14_PlaceOrderWhileRigisterCheckout" name="S007_ContinueShopping" time="0.183"/>
  <system-out>
    <![CDATA[Continue Shopping  <br>]]>
  </system-out>
  <testcase classname="tests.TC14_PlaceOrderWhileRigisterCheckout" name="S008_AddToTheCart2" time="1.548"/>
  <system-out>
    <![CDATA[Item Added Correctly  <br>]]>
  </system-out>
  <testcase classname="tests.TC14_PlaceOrderWhileRigisterCheckout" name="S009_ViewCart" time="0.832"/>
  <system-out>
    <![CDATA[Summary page displayed <br>]]>
  </system-out>
  <testcase classname="tests.TC14_PlaceOrderWhileRigisterCheckout" name="S010_VerifyItems" time="0.059"/>
  <system-out/>
  <testcase classname="tests.TC14_PlaceOrderWhileRigisterCheckout" name="S011_Summary" time="2.908"/>
  <system-out>
    <![CDATA[Redirect to the account login <br>]]>
  </system-out>
  <testcase classname="tests.TC14_PlaceOrderWhileRigisterCheckout" name="S012_Summary" time="3.214"/>
  <system-out>
    <![CDATA[The form appears<br>]]>
  </system-out>
  <testcase classname="tests.TC14_PlaceOrderWhileRigisterCheckout" name="S013_ViewCartAfterLogin" time="1.387"/>
  <system-out>
    <![CDATA[Summary page displayed <br>]]>
  </system-out>
  <testcase classname="tests.TC14_PlaceOrderWhileRigisterCheckout" name="S014_VerifyItemsAfterLogin" time="0.120"/>
  <system-out/>
  <testcase classname="tests.TC14_PlaceOrderWhileRigisterCheckout" name="S015_CartResume" time="1.274"/>
  <system-out>
    <![CDATA[address page displayed <br>]]>
  </system-out>
  <testcase classname="tests.TC14_PlaceOrderWhileRigisterCheckout" name="S016_VerifyTotal" time="0.730"/>
  <system-out/>
  <testcase classname="tests.TC14_PlaceOrderWhileRigisterCheckout" name="S017_Comment" time="1.601"/>
  <system-out>
    <![CDATA[shipping page displayed and terms accepted <br>]]>
  </system-out>
  <testcase classname="tests.TC14_PlaceOrderWhileRigisterCheckout" name="S018_ProcedToOrderComplete" time="3.449"/>
  <system-out>
    <![CDATA[payment added correctly <br>]]>
  </system-out>
  <testcase classname="tests.TC14_PlaceOrderWhileRigisterCheckout" name="S019_DeleteAccount" time="1.692"/>
  <system-out>
    <![CDATA[The account is deleted<br>]]>
  </system-out>
</testsuite> <!-- tests.TC14_PlaceOrderWhileRigisterCheckout -->
