<?xml version="1.0" encoding="UTF-8"?>
<!-- Generated by org.testng.reporters.JUnitReportReporter -->
<testsuite hostname="DESKTOP-V7PNRA7" failures="0" tests="19" name="tests.TC01_CreateAccount" time="26.765" errors="0" timestamp="2023-06-07T00:48:03 CST" skipped="0">
  <testcase classname="tests.TC01_CreateAccount" name="S001_MainPage" time="5.163"/>
  <system-out>
    <![CDATA[The webpage loads correctly<br>]]>
  </system-out>
  <testcase classname="tests.TC01_CreateAccount" name="S002_LogInClick" time="2.136"/>
  <system-out>
    <![CDATA[The login page loads correctly<br>]]>
  </system-out>
  <testcase classname="tests.TC01_CreateAccount" name="S003_EnterEmailAdress" time="4.893"/>
  <system-out>
    <![CDATA[The form appears<br>]]>
  </system-out>
  <testcase classname="tests.TC01_CreateAccount" name="S004_GenderSelection" time="0.194"/>
  <system-out>
    <![CDATA[The gender selected is checked <br>]]>
  </system-out>
  <testcase classname="tests.TC01_CreateAccount" name="S005_EmailValidation" time="0.070"/>
  <system-out>
    <![CDATA[The email typed at the beginning is shown<br>]]>
  </system-out>
  <testcase classname="tests.TC01_CreateAccount" name="S006_Password" time="0.367"/>
  <system-out>
    <![CDATA[The password typed is shown<br>]]>
  </system-out>
  <testcase classname="tests.TC01_CreateAccount" name="S007_BirthDateSelection" time="2.141"/>
  <system-out>
    <![CDATA[The birth date selected is shown<br>]]>
  </system-out>
  <testcase classname="tests.TC01_CreateAccount" name="S008_NameValidation" time="1.567"/>
  <system-out>
    <![CDATA[The name typed is shown<br>]]>
  </system-out>
  <testcase classname="tests.TC01_CreateAccount" name="S009_LastNameVaidation" time="3.729"/>
  <system-out>
    <![CDATA[The lastname typed is shown<br>]]>
  </system-out>
  <testcase classname="tests.TC01_CreateAccount" name="S010_NameAndLastnameValidation" time="0.373"/>
  <system-out>
    <![CDATA[The name and the last name typed at the beginning of the form is shown<br>]]>
  </system-out>
  <testcase classname="tests.TC01_CreateAccount" name="S011_CompanyValidation" time="0.686"/>
  <system-out>
    <![CDATA[The company typed is shown<br>]]>
  </system-out>
  <testcase classname="tests.TC01_CreateAccount" name="S012_AdrressValidation" time="0.322"/>
  <system-out>
    <![CDATA[The first address typed is shown<br>]]>
  </system-out>
  <testcase classname="tests.TC01_CreateAccount" name="S013_SecondAddressValidation" time="0.326"/>
  <system-out>
    <![CDATA[The second address typed is shown<br>]]>
  </system-out>
  <testcase classname="tests.TC01_CreateAccount" name="S014_CountrySelection" time="0.481"/>
  <system-out>
    <![CDATA[The country selected is shown<br>]]>
  </system-out>
  <testcase classname="tests.TC01_CreateAccount" name="S015_StateSelection" time="0.618"/>
  <system-out>
    <![CDATA[The state selected is shown<br>]]>
  </system-out>
  <testcase classname="tests.TC01_CreateAccount" name="S016_CityValidation" time="0.348"/>
  <system-out>
    <![CDATA[The city typed is shown<br>]]>
  </system-out>
  <testcase classname="tests.TC01_CreateAccount" name="S017_ZIPValidation" time="0.262"/>
  <system-out>
    <![CDATA[The ZIP code typed is shown<br>]]>
  </system-out>
  <testcase classname="tests.TC01_CreateAccount" name="S018_MobileNumberValidation" time="0.336"/>
  <system-out>
    <![CDATA[The mobile number typed is shown<br>]]>
  </system-out>
  <testcase classname="tests.TC01_CreateAccount" name="S019_ClickOnRegister" time="2.753"/>
  <system-out>
    <![CDATA[The account is created<br>]]>
  </system-out>
</testsuite> <!-- tests.TC01_CreateAccount -->
