<?xml version="1.0" encoding="UTF-8"?>
<!-- Generated by org.testng.reporters.JUnitReportReporter -->
<testsuite hostname="DESKTOP-V7PNRA7" failures="0" tests="9" name="tests.TC04_LogoutUser" time="28.791" errors="0" timestamp="2023-06-10T21:52:16 CST" skipped="0">
  <testcase classname="tests.TC04_LogoutUser" name="S001_GoWebpage" time="3.821"/>
  <system-out>
    <![CDATA[The webpage loads correctly<br>]]>
  </system-out>
  <testcase classname="tests.TC04_LogoutUser" name="S002_CreateUser" time="6.337"/>
  <system-out>
    <![CDATA[The account is created<br>]]>
  </system-out>
  <testcase classname="tests.TC04_LogoutUser" name="S003_LoginName" time="4.396"/>
  <system-out>
    <![CDATA[The name is showed<br>]]>
  </system-out>
  <testcase classname="tests.TC04_LogoutUser" name="S007_Logout" time="1.821"/>
  <system-out>
    <![CDATA[The Login form appears<br>]]>
  </system-out>
  <testcase classname="tests.TC04_LogoutUser" name="S005_GoHome" time="2.765"/>
  <system-out>
    <![CDATA[The webpage loads correctly<br>]]>
  </system-out>
  <testcase classname="tests.TC04_LogoutUser" name="S006_GoLogin" time="1.631"/>
  <system-out>
    <![CDATA[Login correctly<br>]]>
  </system-out>
  <testcase classname="tests.TC04_LogoutUser" name="S007_TypeEmail" time="6.142"/>
  <system-out>
    <![CDATA[The Login was Succesfull<br>]]>
  </system-out>
  <testcase classname="tests.TC04_LogoutUser" name="S008_LoginName" time="0.280"/>
  <system-out>
    <![CDATA[The name is showed<br>]]>
  </system-out>
  <testcase classname="tests.TC04_LogoutUser" name="S009_Logout" time="1.598"/>
  <system-out>
    <![CDATA[Login correctly<br>]]>
  </system-out>
</testsuite> <!-- tests.TC04_LogoutUser -->
