<?xml version="1.0" encoding="UTF-8"?>
<!-- Generated by org.testng.reporters.JUnitReportReporter -->
<testsuite hostname="DESKTOP-V7PNRA7" failures="0" tests="23" name="tests.TC01_RegisterUser" time="29.916" errors="0" timestamp="2023-06-12T17:09:32 CST" skipped="0">
  <testcase classname="tests.TC01_RegisterUser" name="S001_MainPage" time="2.984"/>
  <system-out>
    <![CDATA[The webpage loads correctly<br>]]>
  </system-out>
  <testcase classname="tests.TC01_RegisterUser" name="S002_LogInClick" time="3.491"/>
  <system-out>
    <![CDATA[The login page loads correctly<br>]]>
  </system-out>
  <testcase classname="tests.TC01_RegisterUser" name="S003_EnterEmailAdress" time="3.985"/>
  <system-out>
    <![CDATA[The form appears<br>]]>
  </system-out>
  <testcase classname="tests.TC01_RegisterUser" name="S004_GenderSelection" time="0.134"/>
  <system-out>
    <![CDATA[The gender selected is checked <br>]]>
  </system-out>
  <testcase classname="tests.TC01_RegisterUser" name="S005_EmailValidation" time="0.048"/>
  <system-out>
    <![CDATA[The email typed at the beginning is shown<br>]]>
  </system-out>
  <testcase classname="tests.TC01_RegisterUser" name="S006_Password" time="0.118"/>
  <system-out>
    <![CDATA[The password typed is shown<br>]]>
  </system-out>
  <testcase classname="tests.TC01_RegisterUser" name="S007_BirthDateSelection" time="0.710"/>
  <system-out>
    <![CDATA[The birth date selected is shown<br>]]>
  </system-out>
  <testcase classname="tests.TC01_RegisterUser" name="S009_SubscriptionNewsletter" time="0.078"/>
  <system-out>
    <![CDATA[The newsletter is checked<br>]]>
  </system-out>
  <testcase classname="tests.TC01_RegisterUser" name="S010_SelectOffers" time="0.070"/>
  <system-out>
    <![CDATA[The offers checkbox is checked<br>]]>
  </system-out>
  <testcase classname="tests.TC01_RegisterUser" name="S008_NameValidation" time="0.161"/>
  <system-out>
    <![CDATA[The name typed is shown<br>]]>
  </system-out>
  <testcase classname="tests.TC01_RegisterUser" name="S009_LastNameVaidation" time="0.129"/>
  <system-out>
    <![CDATA[The lastname typed is shown<br>]]>
  </system-out>
  <testcase classname="tests.TC01_RegisterUser" name="S010_NameAndLastnameValidation" time="0.071"/>
  <system-out>
    <![CDATA[The name and the last name typed at the beginning of the form is shown<br>]]>
  </system-out>
  <testcase classname="tests.TC01_RegisterUser" name="S011_CompanyValidation" time="0.180"/>
  <system-out>
    <![CDATA[The company typed is shown<br>]]>
  </system-out>
  <testcase classname="tests.TC01_RegisterUser" name="S012_AdrressValidation" time="0.162"/>
  <system-out>
    <![CDATA[The first address typed is shown<br>]]>
  </system-out>
  <testcase classname="tests.TC01_RegisterUser" name="S013_SecondAddressValidation" time="0.168"/>
  <system-out>
    <![CDATA[The second address typed is shown<br>]]>
  </system-out>
  <testcase classname="tests.TC01_RegisterUser" name="S014_CountrySelection" time="0.152"/>
  <system-out>
    <![CDATA[The country selected is shown<br>]]>
  </system-out>
  <testcase classname="tests.TC01_RegisterUser" name="S015_StateSelection" time="0.160"/>
  <system-out>
    <![CDATA[The state selected is shown<br>]]>
  </system-out>
  <testcase classname="tests.TC01_RegisterUser" name="S016_CityValidation" time="0.148"/>
  <system-out>
    <![CDATA[The city typed is shown<br>]]>
  </system-out>
  <testcase classname="tests.TC01_RegisterUser" name="S017_ZIPValidation" time="0.149"/>
  <system-out>
    <![CDATA[The ZIP code typed is shown<br>]]>
  </system-out>
  <testcase classname="tests.TC01_RegisterUser" name="S018_MobileNumberValidation" time="0.139"/>
  <system-out>
    <![CDATA[The mobile number typed is shown<br>]]>
  </system-out>
  <testcase classname="tests.TC01_RegisterUser" name="S019_ClickOnRegister" time="5.131"/>
  <system-out>
    <![CDATA[The account is created<br>]]>
  </system-out>
  <testcase classname="tests.TC01_RegisterUser" name="S020_LoginName" time="3.478"/>
  <system-out>
    <![CDATA[The name is showed<br>]]>
  </system-out>
  <testcase classname="tests.TC01_RegisterUser" name="S021_DeleteAccount" time="8.070"/>
  <system-out>
    <![CDATA[The account is deleted<br>]]>
  </system-out>
</testsuite> <!-- tests.TC01_RegisterUser -->
