<?xml version="1.0" encoding="UTF-8"?>
<!-- Generated by org.testng.reporters.JUnitReportReporter -->
<testsuite hostname="DESKTOP-V7PNRA7" failures="0" tests="3" name="tests.TC03_LoginIncorrectUser" time="9.620" errors="0" timestamp="2023-06-10T21:51:33 CST" skipped="0">
  <testcase classname="tests.TC03_LoginIncorrectUser" name="S001_MainPage" time="5.742"/>
  <system-out>
    <![CDATA[The webpage loads correctly<br>]]>
  </system-out>
  <testcase classname="tests.TC03_LoginIncorrectUser" name="S002_LogInClick" time="2.168"/>
  <system-out>
    <![CDATA[Login correctly<br>]]>
  </system-out>
  <testcase classname="tests.TC03_LoginIncorrectUser" name="S003_TypeEmail" time="1.710"/>
  <system-out>
    <![CDATA[Error messaje showed<br>]]>
  </system-out>
</testsuite> <!-- tests.TC03_LoginIncorrectUser -->
