<?xml version="1.0" encoding="UTF-8"?>
<!-- Generated by org.testng.reporters.JUnitReportReporter -->
<testsuite hostname="DESKTOP-V7PNRA7" failures="0" tests="23" name="tests.TC01_RegisterUser" time="18.010" errors="0" timestamp="2023-06-14T17:33:26 CST" skipped="0">
  <testcase classname="tests.TC01_RegisterUser" name="S001_MainPage" time="3.798"/>
  <system-out>
    <![CDATA[The webpage loads correctly<br>]]>
  </system-out>
  <testcase classname="tests.TC01_RegisterUser" name="S002_LogInClick" time="2.077"/>
  <system-out>
    <![CDATA[The login page loads correctly<br>]]>
  </system-out>
  <testcase classname="tests.TC01_RegisterUser" name="S003_EnterEmailAdress" time="2.533"/>
  <system-out>
    <![CDATA[The form appears<br>]]>
  </system-out>
  <testcase classname="tests.TC01_RegisterUser" name="S004_GenderSelection" time="0.400"/>
  <system-out>
    <![CDATA[The gender selected is checked <br>]]>
  </system-out>
  <testcase classname="tests.TC01_RegisterUser" name="S005_EmailValidation" time="0.062"/>
  <system-out>
    <![CDATA[The email typed at the beginning is shown<br>]]>
  </system-out>
  <testcase classname="tests.TC01_RegisterUser" name="S006_Password" time="0.128"/>
  <system-out>
    <![CDATA[The password typed is shown<br>]]>
  </system-out>
  <testcase classname="tests.TC01_RegisterUser" name="S007_BirthDateSelection" time="0.647"/>
  <system-out>
    <![CDATA[The birth date selected is shown<br>]]>
  </system-out>
  <testcase classname="tests.TC01_RegisterUser" name="S008_SubscriptionNewsletter" time="0.073"/>
  <system-out>
    <![CDATA[The newsletter is checked<br>]]>
  </system-out>
  <testcase classname="tests.TC01_RegisterUser" name="S009_SelectOffers" time="0.114"/>
  <system-out>
    <![CDATA[The offers checkbox is checked<br>]]>
  </system-out>
  <testcase classname="tests.TC01_RegisterUser" name="S010_NameValidation" time="0.166"/>
  <system-out>
    <![CDATA[The name typed is shown<br>]]>
  </system-out>
  <testcase classname="tests.TC01_RegisterUser" name="S011_LastNameVaidation" time="0.149"/>
  <system-out>
    <![CDATA[The lastname typed is shown<br>]]>
  </system-out>
  <testcase classname="tests.TC01_RegisterUser" name="S012_NameAndLastnameValidation" time="0.089"/>
  <system-out>
    <![CDATA[The name and the last name typed at the beginning of the form is shown<br>]]>
  </system-out>
  <testcase classname="tests.TC01_RegisterUser" name="S013_CompanyValidation" time="0.171"/>
  <system-out>
    <![CDATA[The company typed is shown<br>]]>
  </system-out>
  <testcase classname="tests.TC01_RegisterUser" name="S014_AdrressValidation" time="0.179"/>
  <system-out>
    <![CDATA[The first address typed is shown<br>]]>
  </system-out>
  <testcase classname="tests.TC01_RegisterUser" name="S015_SecondAddressValidation" time="0.171"/>
  <system-out>
    <![CDATA[The second address typed is shown<br>]]>
  </system-out>
  <testcase classname="tests.TC01_RegisterUser" name="S016_CountrySelection" time="0.174"/>
  <system-out>
    <![CDATA[The country selected is shown<br>]]>
  </system-out>
  <testcase classname="tests.TC01_RegisterUser" name="S017_StateSelection" time="0.154"/>
  <system-out>
    <![CDATA[The state selected is shown<br>]]>
  </system-out>
  <testcase classname="tests.TC01_RegisterUser" name="S018_CityValidation" time="0.177"/>
  <system-out>
    <![CDATA[The city typed is shown<br>]]>
  </system-out>
  <testcase classname="tests.TC01_RegisterUser" name="S019_ZIPValidation" time="0.157"/>
  <system-out>
    <![CDATA[The ZIP code typed is shown<br>]]>
  </system-out>
  <testcase classname="tests.TC01_RegisterUser" name="S020_MobileNumberValidation" time="0.154"/>
  <system-out>
    <![CDATA[The mobile number typed is shown<br>]]>
  </system-out>
  <testcase classname="tests.TC01_RegisterUser" name="S021_ClickOnRegister" time="2.933"/>
  <system-out>
    <![CDATA[The account is created<br>]]>
  </system-out>
  <testcase classname="tests.TC01_RegisterUser" name="S022_LoginName" time="1.789"/>
  <system-out>
    <![CDATA[The name is showed<br>]]>
  </system-out>
  <testcase classname="tests.TC01_RegisterUser" name="S023_DeleteAccount" time="1.715"/>
  <system-out>
    <![CDATA[The account is deleted<br>]]>
  </system-out>
</testsuite> <!-- tests.TC01_RegisterUser -->
