<?xml version="1.0" encoding="UTF-8"?>
<!-- Generated by org.testng.reporters.JUnitReportReporter -->
<testsuite hostname="DESKTOP-V7PNRA7" failures="0" tests="8" name="tests.TC12_AddToTheCart" time="12.065" errors="0" timestamp="2023-06-14T00:57:02 CST" skipped="0">
  <testcase classname="tests.TC12_AddToTheCart" name="S001_MainPage" time="5.209"/>
  <system-out>
    <![CDATA[The webpage loads correctly<br>]]>
  </system-out>
  <testcase classname="tests.TC12_AddToTheCart" name="S002_ProductsClick" time="4.314"/>
  <system-out>
    <![CDATA[The Products page loads correctly<br>]]>
  </system-out>
  <testcase classname="tests.TC12_AddToTheCart" name="S003_AddToTheCart" time="0.797"/>
  <system-out>
    <![CDATA[Item Added Correctly  <br>]]>
  </system-out>
  <testcase classname="tests.TC12_AddToTheCart" name="S004_ContinueShopping" time="0.105"/>
  <system-out>
    <![CDATA[Continue Shopping  <br>]]>
  </system-out>
  <testcase classname="tests.TC12_AddToTheCart" name="S005_AddToTheCart2" time="0.703"/>
  <system-out>
    <![CDATA[Item Added Correctly  <br>]]>
  </system-out>
  <testcase classname="tests.TC12_AddToTheCart" name="S006_ViewCart" time="0.735"/>
  <system-out>
    <![CDATA[Summary page displayed <br>]]>
  </system-out>
  <testcase classname="tests.TC12_AddToTheCart" name="S007_VerifyItems" time="0.051"/>
  <system-out/>
  <testcase classname="tests.TC12_AddToTheCart" name="S008_VerifyNewPrice" time="0.151"/>
  <system-out/>
</testsuite> <!-- tests.TC12_AddToTheCart -->
