<?xml version="1.0" encoding="UTF-8"?>
<!-- Generated by org.testng.reporters.JUnitReportReporter -->
<testsuite hostname="DESKTOP-V7PNRA7" failures="0" tests="5" name="tests.TC08_VerifyAllProducts" time="8.291" errors="0" timestamp="2023-06-10T22:38:54 CST" skipped="0">
  <testcase classname="tests.TC08_VerifyAllProducts" name="S001_MainPage" time="3.944"/>
  <system-out>
    <![CDATA[The webpage loads correctly<br>]]>
  </system-out>
  <testcase classname="tests.TC08_VerifyAllProducts" name="S002_ProductsClick" time="3.134"/>
  <system-out>
    <![CDATA[The Products page loads correctly<br>]]>
  </system-out>
  <testcase classname="tests.TC08_VerifyAllProducts" name="S003_ListDisplay" time="0.237"/>
  <system-out>
    <![CDATA[Item Resume Showed Correctly  <br>]]>
  </system-out>
  <testcase classname="tests.TC08_VerifyAllProducts" name="S004_SeeMore" time="0.773"/>
  <system-out>
    <![CDATA[Item Resume Showed Correctly  <br>]]>
  </system-out>
  <testcase classname="tests.TC08_VerifyAllProducts" name="S005_Details" time="0.203"/>
  <system-out>
    <![CDATA[Details Showed Correctly  <br>]]>
  </system-out>
</testsuite> <!-- tests.TC08_VerifyAllProducts -->
