<?xml version="1.0" encoding="UTF-8"?>
<!-- Generated by org.testng.reporters.JUnitReportReporter -->
<testsuite hostname="DESKTOP-V7PNRA7" failures="0" tests="14" name="tests.TC20_SearchProductsandVerifyCart" time="35.368" errors="0" timestamp="2023-06-14T13:38:28 CST" skipped="0">
  <testcase classname="tests.TC20_SearchProductsandVerifyCart" name="S001_MainPage" time="4.932"/>
  <system-out>
    <![CDATA[The webpage loads correctly<br>]]>
  </system-out>
  <testcase classname="tests.TC20_SearchProductsandVerifyCart" name="S002_CreateUser" time="10.307"/>
  <system-out>
    <![CDATA[The account is created<br>]]>
  </system-out>
  <testcase classname="tests.TC20_SearchProductsandVerifyCart" name="S003_LoginName" time="1.953"/>
  <system-out>
    <![CDATA[The name is showed<br>]]>
  </system-out>
  <testcase classname="tests.TC20_SearchProductsandVerifyCart" name="S004_Logout" time="1.981"/>
  <system-out>
    <![CDATA[The Login form appears<br>]]>
  </system-out>
  <testcase classname="tests.TC20_SearchProductsandVerifyCart" name="S005_ProductsClick" time="3.953"/>
  <system-out>
    <![CDATA[The Products page loads correctly<br>]]>
  </system-out>
  <testcase classname="tests.TC20_SearchProductsandVerifyCart" name="S006_SearchItemDisplayed" time="0.462"/>
  <system-out>
    <![CDATA[Search input was displayed <br>]]>
  </system-out>
  <testcase classname="tests.TC20_SearchProductsandVerifyCart" name="S007_SearchItem" time="1.477"/>
  <system-out>
    <![CDATA[Item searched matches with the item displayed <br>]]>
  </system-out>
  <testcase classname="tests.TC20_SearchProductsandVerifyCart" name="S008_AddToTheCart" time="0.469"/>
  <system-out>
    <![CDATA[Item Added Correctly  <br>]]>
  </system-out>
  <testcase classname="tests.TC20_SearchProductsandVerifyCart" name="S009_ViewCart" time="3.734"/>
  <system-out>
    <![CDATA[Summary page displayed <br>]]>
  </system-out>
  <testcase classname="tests.TC20_SearchProductsandVerifyCart" name="S010_VerifyItems" time="0.029"/>
  <system-out/>
  <testcase classname="tests.TC20_SearchProductsandVerifyCart" name="S011_GoLogin" time="1.602"/>
  <system-out>
    <![CDATA[Login correctly<br>]]>
  </system-out>
  <testcase classname="tests.TC20_SearchProductsandVerifyCart" name="S012_Summary" time="3.005"/>
  <system-out>
    <![CDATA[The form appears<br>]]>
  </system-out>
  <testcase classname="tests.TC20_SearchProductsandVerifyCart" name="S013_ViewCartAfterLogin" time="1.433"/>
  <system-out>
    <![CDATA[Summary page displayed <br>]]>
  </system-out>
  <testcase classname="tests.TC20_SearchProductsandVerifyCart" name="S014_VerifyItemsAfterLogin" time="0.031"/>
  <system-out/>
</testsuite> <!-- tests.TC20_SearchProductsandVerifyCart -->
