<?xml version="1.0" encoding="UTF-8"?>
<!-- Generated by org.testng.reporters.JUnitReportReporter -->
<testsuite hostname="DESKTOP-V7PNRA7" failures="0" tests="6" name="tests.TC11_CartSubscription" time="21.907" errors="0" timestamp="2023-06-14T12:46:32 CST" skipped="0">
  <testcase classname="tests.TC11_CartSubscription" name="S001_GoWebpage" time="3.385"/>
  <system-out>
    <![CDATA[The webpage loads correctly<br>]]>
  </system-out>
  <testcase classname="tests.TC11_CartSubscription" name="S002_CreateUser" time="11.489"/>
  <system-out>
    <![CDATA[The account is created<br>]]>
  </system-out>
  <testcase classname="tests.TC11_CartSubscription" name="S003_LoginName" time="2.455"/>
  <system-out>
    <![CDATA[The name is showed<br>]]>
  </system-out>
  <testcase classname="tests.TC11_CartSubscription" name="S004_Logout" time="3.174"/>
  <system-out>
    <![CDATA[The Login form appears<br>]]>
  </system-out>
  <testcase classname="tests.TC11_CartSubscription" name="S005_GoCart" time="1.139"/>
  <system-out>
    <![CDATA[The webpage loads correctly<br>]]>
  </system-out>
  <testcase classname="tests.TC11_CartSubscription" name="S006_CheckSubscription" time="0.265"/>
  <system-out>
    <![CDATA[The subscription is correctly<br>]]>
  </system-out>
</testsuite> <!-- tests.TC11_CartSubscription -->
