<?xml version="1.0" encoding="UTF-8"?>
<!-- Generated by org.testng.reporters.JUnitReportReporter -->
<testsuite hostname="DESKTOP-V7PNRA7" failures="0" tests="7" name="tests.TC05_RegisterUserWithAnExistingEmail" time="38.259" errors="0" timestamp="2023-06-14T00:57:02 CST" skipped="0">
  <testcase classname="tests.TC05_RegisterUserWithAnExistingEmail" name="S001_GoWebpage" time="2.794"/>
  <system-out>
    <![CDATA[The webpage loads correctly<br>]]>
  </system-out>
  <testcase classname="tests.TC05_RegisterUserWithAnExistingEmail" name="S002_CreateUser" time="11.860"/>
  <system-out>
    <![CDATA[The account is created<br>]]>
  </system-out>
  <testcase classname="tests.TC05_RegisterUserWithAnExistingEmail" name="S003_LoginName" time="2.285"/>
  <system-out>
    <![CDATA[The name is showed<br>]]>
  </system-out>
  <testcase classname="tests.TC05_RegisterUserWithAnExistingEmail" name="S007_Logout" time="4.678"/>
  <system-out>
    <![CDATA[The Login form appears<br>]]>
  </system-out>
  <testcase classname="tests.TC05_RegisterUserWithAnExistingEmail" name="S005_GoHome" time="11.314"/>
  <system-out>
    <![CDATA[The webpage loads correctly<br>]]>
  </system-out>
  <testcase classname="tests.TC05_RegisterUserWithAnExistingEmail" name="S006_GoLogin" time="2.166"/>
  <system-out>
    <![CDATA[Login correctly<br>]]>
  </system-out>
  <testcase classname="tests.TC05_RegisterUserWithAnExistingEmail" name="S007_TypeEmail" time="3.162"/>
  <system-out>
    <![CDATA[The error message was displayed Succesfull<br>]]>
  </system-out>
</testsuite> <!-- tests.TC05_RegisterUserWithAnExistingEmail -->
