<?xml version="1.0" encoding="UTF-8"?>
<!-- Generated by org.testng.reporters.JUnitReportReporter -->
<testsuite hostname="DESKTOP-V7PNRA7" failures="0" tests="7" name="tests.TC13_VerifyProductQuantity" time="18.560" errors="0" timestamp="2023-06-11T11:05:23 CST" skipped="0">
  <testcase classname="tests.TC13_VerifyProductQuantity" name="S001_MainPage" time="6.519"/>
  <system-out>
    <![CDATA[The webpage loads correctly<br>]]>
  </system-out>
  <testcase classname="tests.TC13_VerifyProductQuantity" name="S002_ProductsClick" time="4.195"/>
  <system-out>
    <![CDATA[The Products page loads correctly<br>]]>
  </system-out>
  <testcase classname="tests.TC13_VerifyProductQuantity" name="S003_SeeMore" time="4.550"/>
  <system-out>
    <![CDATA[Item Resume Showed Correctly  <br>]]>
  </system-out>
  <testcase classname="tests.TC13_VerifyProductQuantity" name="S004_SelectTshirt" time="1.255"/>
  <system-out>
    <![CDATA[Item added to cart <br>]]>
  </system-out>
  <testcase classname="tests.TC13_VerifyProductQuantity" name="S005_ViewCart" time="1.893"/>
  <system-out>
    <![CDATA[Summary page displayed <br>]]>
  </system-out>
  <testcase classname="tests.TC13_VerifyProductQuantity" name="S006_VerifyItems" time="0.043"/>
  <system-out/>
  <testcase classname="tests.TC13_VerifyProductQuantity" name="S006_VerifyQuantity" time="0.105"/>
  <system-out/>
</testsuite> <!-- tests.TC13_VerifyProductQuantity -->
