<?xml version="1.0" encoding="UTF-8"?>
<!-- Generated by org.testng.reporters.JUnitReportReporter -->
<testsuite hostname="DESKTOP-V7PNRA7" failures="0" tests="3" name="tests.TC03_LoginIncorrectUser" time="6.716" errors="0" timestamp="2023-06-14T00:57:02 CST" skipped="0">
  <testcase classname="tests.TC03_LoginIncorrectUser" name="S001_MainPage" time="2.762"/>
  <system-out>
    <![CDATA[The webpage loads correctly<br>]]>
  </system-out>
  <testcase classname="tests.TC03_LoginIncorrectUser" name="S002_LogInClick" time="2.163"/>
  <system-out>
    <![CDATA[Login correctly<br>]]>
  </system-out>
  <testcase classname="tests.TC03_LoginIncorrectUser" name="S003_TypeEmail" time="1.791"/>
  <system-out>
    <![CDATA[Error messaje showed<br>]]>
  </system-out>
</testsuite> <!-- tests.TC03_LoginIncorrectUser -->
