<?xml version="1.0" encoding="UTF-8"?>
<!-- Generated by org.testng.reporters.JUnitReportReporter -->
<testsuite hostname="DESKTOP-V7PNRA7" failures="0" tests="5" name="tests.TC21_AddAReview" time="9.113" errors="0" timestamp="2023-06-14T17:33:26 CST" skipped="0">
  <testcase classname="tests.TC21_AddAReview" name="S001_MainPage" time="3.528"/>
  <system-out>
    <![CDATA[The webpage loads correctly<br>]]>
  </system-out>
  <testcase classname="tests.TC21_AddAReview" name="S002_ProductsClick" time="2.820"/>
  <system-out>
    <![CDATA[The Products page loads correctly<br>]]>
  </system-out>
  <testcase classname="tests.TC21_AddAReview" name="S003_SeeMore" time="2.135"/>
  <system-out>
    <![CDATA[Item Resume Showed Correctly  <br>]]>
  </system-out>
  <testcase classname="tests.TC21_AddAReview" name="S004_CheckReviewForm" time="0.088"/>
  <system-out>
    <![CDATA[The Review Form Showed Correctly  <br>]]>
  </system-out>
  <testcase classname="tests.TC21_AddAReview" name="S005_AddReview" time="0.542"/>
  <system-out>
    <![CDATA[The Alert Message Showed Correctly  <br>]]>
  </system-out>
</testsuite> <!-- tests.TC21_AddAReview -->
