<?xml version="1.0" encoding="UTF-8"?>
<!-- Generated by org.testng.reporters.JUnitReportReporter -->
<testsuite hostname="DESKTOP-V7PNRA7" failures="0" tests="14" name="tests.TC14_PlaceOrderWhileRigisterCheckout" time="35.201" errors="0" timestamp="2023-06-11T13:27:11 CST" skipped="0">
  <testcase classname="tests.TC14_PlaceOrderWhileRigisterCheckout" name="S001_GoWebpage" time="4.800"/>
  <system-out>
    <![CDATA[The webpage loads correctly<br>]]>
  </system-out>
  <testcase classname="tests.TC14_PlaceOrderWhileRigisterCheckout" name="S002_CreateUser" time="8.172"/>
  <system-out>
    <![CDATA[The account is created<br>]]>
  </system-out>
  <testcase classname="tests.TC14_PlaceOrderWhileRigisterCheckout" name="S003_LoginName" time="3.382"/>
  <system-out>
    <![CDATA[The name is showed<br>]]>
  </system-out>
  <testcase classname="tests.TC14_PlaceOrderWhileRigisterCheckout" name="S002_ProductsClick" time="7.486"/>
  <system-out>
    <![CDATA[The Products page loads correctly<br>]]>
  </system-out>
  <testcase classname="tests.TC14_PlaceOrderWhileRigisterCheckout" name="S003_AddToTheCart" time="1.014"/>
  <system-out>
    <![CDATA[Item Added Correctly  <br>]]>
  </system-out>
  <testcase classname="tests.TC14_PlaceOrderWhileRigisterCheckout" name="S004_ContinueShopping" time="0.097"/>
  <system-out>
    <![CDATA[Continue Shopping  <br>]]>
  </system-out>
  <testcase classname="tests.TC14_PlaceOrderWhileRigisterCheckout" name="S005_AddToTheCart2" time="0.670"/>
  <system-out>
    <![CDATA[Item Added Correctly  <br>]]>
  </system-out>
  <testcase classname="tests.TC14_PlaceOrderWhileRigisterCheckout" name="S006_ViewCart" time="1.658"/>
  <system-out>
    <![CDATA[Summary page displayed <br>]]>
  </system-out>
  <testcase classname="tests.TC14_PlaceOrderWhileRigisterCheckout" name="S007_VerifyItems" time="0.055"/>
  <system-out/>
  <testcase classname="tests.TC14_PlaceOrderWhileRigisterCheckout" name="S008_Summary" time="1.494"/>
  <system-out>
    <![CDATA[address page displayed <br>]]>
  </system-out>
  <testcase classname="tests.TC14_PlaceOrderWhileRigisterCheckout" name="S008_VerifyTotal" time="0.266"/>
  <system-out/>
  <testcase classname="tests.TC14_PlaceOrderWhileRigisterCheckout" name="S010_Comment" time="1.553"/>
  <system-out>
    <![CDATA[shipping page displayed and terms accepted <br>]]>
  </system-out>
  <testcase classname="tests.TC14_PlaceOrderWhileRigisterCheckout" name="S011_ProcedToOrderComplete" time="3.301"/>
  <system-out>
    <![CDATA[payment added correctly <br>]]>
  </system-out>
  <testcase classname="tests.TC14_PlaceOrderWhileRigisterCheckout" name="S021_DeleteAccount" time="1.253"/>
  <system-out>
    <![CDATA[The account is deleted<br>]]>
  </system-out>
</testsuite> <!-- tests.TC14_PlaceOrderWhileRigisterCheckout -->
