<?xml version="1.0" encoding="UTF-8"?>
<!-- Generated by org.testng.reporters.JUnitReportReporter -->
<testsuite hostname="DESKTOP-V7PNRA7" failures="0" tests="7" name="tests.TC13_VerifyProductQuantity" time="16.465" errors="0" timestamp="2023-06-14T12:51:52 CST" skipped="0">
  <testcase classname="tests.TC13_VerifyProductQuantity" name="S001_MainPage" time="5.032"/>
  <system-out>
    <![CDATA[The webpage loads correctly<br>]]>
  </system-out>
  <testcase classname="tests.TC13_VerifyProductQuantity" name="S002_ProductsClick" time="4.331"/>
  <system-out>
    <![CDATA[The Products page loads correctly<br>]]>
  </system-out>
  <testcase classname="tests.TC13_VerifyProductQuantity" name="S003_SeeMore" time="3.975"/>
  <system-out>
    <![CDATA[Item Resume Showed Correctly  <br>]]>
  </system-out>
  <testcase classname="tests.TC13_VerifyProductQuantity" name="S004_SelectTshirt" time="0.972"/>
  <system-out>
    <![CDATA[Item added to cart <br>]]>
  </system-out>
  <testcase classname="tests.TC13_VerifyProductQuantity" name="S005_ViewCart" time="1.985"/>
  <system-out>
    <![CDATA[Summary page displayed <br>]]>
  </system-out>
  <testcase classname="tests.TC13_VerifyProductQuantity" name="S006_VerifyItems" time="0.129"/>
  <system-out/>
  <testcase classname="tests.TC13_VerifyProductQuantity" name="S006_VerifyQuantity" time="0.041"/>
  <system-out/>
</testsuite> <!-- tests.TC13_VerifyProductQuantity -->
