<?xml version="1.0" encoding="UTF-8"?>
<!-- Generated by org.testng.reporters.JUnitReportReporter -->
<testsuite hostname="DESKTOP-V7PNRA7" failures="0" tests="14" name="tests.TC15_PlaceOrderAlreadyRegister" time="51.714" errors="0" timestamp="2023-06-14T00:57:02 CST" skipped="0">
  <testcase classname="tests.TC15_PlaceOrderAlreadyRegister" name="S001_GoWebpage" time="4.343"/>
  <system-out>
    <![CDATA[The webpage loads correctly<br>]]>
  </system-out>
  <testcase classname="tests.TC15_PlaceOrderAlreadyRegister" name="S002_CreateUser" time="13.473"/>
  <system-out>
    <![CDATA[The account is created<br>]]>
  </system-out>
  <testcase classname="tests.TC15_PlaceOrderAlreadyRegister" name="S003_LoginName" time="3.699"/>
  <system-out>
    <![CDATA[The name is showed<br>]]>
  </system-out>
  <testcase classname="tests.TC15_PlaceOrderAlreadyRegister" name="S002_ProductsClick" time="15.219"/>
  <system-out>
    <![CDATA[The Products page loads correctly<br>]]>
  </system-out>
  <testcase classname="tests.TC15_PlaceOrderAlreadyRegister" name="S003_AddToTheCart" time="0.875"/>
  <system-out>
    <![CDATA[Item Added Correctly  <br>]]>
  </system-out>
  <testcase classname="tests.TC15_PlaceOrderAlreadyRegister" name="S004_ContinueShopping" time="0.136"/>
  <system-out>
    <![CDATA[Continue Shopping  <br>]]>
  </system-out>
  <testcase classname="tests.TC15_PlaceOrderAlreadyRegister" name="S005_AddToTheCart2" time="0.672"/>
  <system-out>
    <![CDATA[Item Added Correctly  <br>]]>
  </system-out>
  <testcase classname="tests.TC15_PlaceOrderAlreadyRegister" name="S006_ViewCart" time="1.693"/>
  <system-out>
    <![CDATA[Summary page displayed <br>]]>
  </system-out>
  <testcase classname="tests.TC15_PlaceOrderAlreadyRegister" name="S007_VerifyItems" time="1.808"/>
  <system-out/>
  <testcase classname="tests.TC15_PlaceOrderAlreadyRegister" name="S008_Summary" time="2.151"/>
  <system-out>
    <![CDATA[address page displayed <br>]]>
  </system-out>
  <testcase classname="tests.TC15_PlaceOrderAlreadyRegister" name="S008_VerifyTotal" time="0.516"/>
  <system-out/>
  <testcase classname="tests.TC15_PlaceOrderAlreadyRegister" name="S010_Comment" time="2.781"/>
  <system-out>
    <![CDATA[shipping page displayed and terms accepted <br>]]>
  </system-out>
  <testcase classname="tests.TC15_PlaceOrderAlreadyRegister" name="S011_ProcedToOrderComplete" time="3.062"/>
  <system-out>
    <![CDATA[payment added correctly <br>]]>
  </system-out>
  <testcase classname="tests.TC15_PlaceOrderAlreadyRegister" name="S021_DeleteAccount" time="1.286"/>
  <system-out>
    <![CDATA[The account is deleted<br>]]>
  </system-out>
</testsuite> <!-- tests.TC15_PlaceOrderAlreadyRegister -->
