<?xml version="1.0" encoding="UTF-8"?>
<!-- Generated by org.testng.reporters.JUnitReportReporter -->
<testsuite hostname="DESKTOP-V7PNRA7" failures="0" tests="12" name="tests.TC23_VerifyAddress" time="44.567" errors="0" timestamp="2023-06-14T00:57:02 CST" skipped="0">
  <testcase classname="tests.TC23_VerifyAddress" name="S001_GoWebpage" time="2.150"/>
  <system-out>
    <![CDATA[The webpage loads correctly<br>]]>
  </system-out>
  <testcase classname="tests.TC23_VerifyAddress" name="S002_CreateUser" time="12.399"/>
  <system-out>
    <![CDATA[The account is created<br>]]>
  </system-out>
  <testcase classname="tests.TC23_VerifyAddress" name="S003_LoginName" time="2.635"/>
  <system-out>
    <![CDATA[The name is showed<br>]]>
  </system-out>
  <testcase classname="tests.TC23_VerifyAddress" name="S002_ProductsClick" time="10.886"/>
  <system-out>
    <![CDATA[The Products page loads correctly<br>]]>
  </system-out>
  <testcase classname="tests.TC23_VerifyAddress" name="S003_AddToTheCart" time="0.805"/>
  <system-out>
    <![CDATA[Item Added Correctly  <br>]]>
  </system-out>
  <testcase classname="tests.TC23_VerifyAddress" name="S004_ContinueShopping" time="0.109"/>
  <system-out>
    <![CDATA[Continue Shopping  <br>]]>
  </system-out>
  <testcase classname="tests.TC23_VerifyAddress" name="S005_AddToTheCart2" time="0.781"/>
  <system-out>
    <![CDATA[Item Added Correctly  <br>]]>
  </system-out>
  <testcase classname="tests.TC23_VerifyAddress" name="S006_ViewCart" time="9.259"/>
  <system-out>
    <![CDATA[Summary page displayed <br>]]>
  </system-out>
  <testcase classname="tests.TC23_VerifyAddress" name="S007_VerifyItems" time="0.105"/>
  <system-out/>
  <testcase classname="tests.TC23_VerifyAddress" name="S008_CheckAddressChekout" time="2.597"/>
  <system-out>
    <![CDATA[Addres checkout correct <br>]]>
  </system-out>
  <testcase classname="tests.TC23_VerifyAddress" name="S009_CheckAddressInvoice" time="0.042"/>
  <system-out>
    <![CDATA[Addres Invoice Correct <br>]]>
  </system-out>
  <testcase classname="tests.TC23_VerifyAddress" name="S021_DeleteAccount" time="2.799"/>
  <system-out>
    <![CDATA[The account is deleted<br>]]>
  </system-out>
</testsuite> <!-- tests.TC23_VerifyAddress -->
