<?xml version="1.0" encoding="UTF-8"?>
<!-- Generated by org.testng.reporters.JUnitReportReporter -->
<testsuite hostname="DESKTOP-V7PNRA7" failures="0" tests="9" name="tests.TC04_LogoutUser" time="41.856" errors="0" timestamp="2023-06-14T00:57:02 CST" skipped="0">
  <testcase classname="tests.TC04_LogoutUser" name="S001_GoWebpage" time="3.395"/>
  <system-out>
    <![CDATA[The webpage loads correctly<br>]]>
  </system-out>
  <testcase classname="tests.TC04_LogoutUser" name="S002_CreateUser" time="10.258"/>
  <system-out>
    <![CDATA[The account is created<br>]]>
  </system-out>
  <testcase classname="tests.TC04_LogoutUser" name="S003_LoginName" time="2.224"/>
  <system-out>
    <![CDATA[The name is showed<br>]]>
  </system-out>
  <testcase classname="tests.TC04_LogoutUser" name="S007_Logout" time="5.915"/>
  <system-out>
    <![CDATA[The Login form appears<br>]]>
  </system-out>
  <testcase classname="tests.TC04_LogoutUser" name="S005_GoHome" time="5.553"/>
  <system-out>
    <![CDATA[The webpage loads correctly<br>]]>
  </system-out>
  <testcase classname="tests.TC04_LogoutUser" name="S006_GoLogin" time="4.963"/>
  <system-out>
    <![CDATA[Login correctly<br>]]>
  </system-out>
  <testcase classname="tests.TC04_LogoutUser" name="S007_TypeEmail" time="6.912"/>
  <system-out>
    <![CDATA[The Login was Succesfull<br>]]>
  </system-out>
  <testcase classname="tests.TC04_LogoutUser" name="S008_LoginName" time="0.371"/>
  <system-out>
    <![CDATA[The name is showed<br>]]>
  </system-out>
  <testcase classname="tests.TC04_LogoutUser" name="S009_Logout" time="2.265"/>
  <system-out>
    <![CDATA[Login correctly<br>]]>
  </system-out>
</testsuite> <!-- tests.TC04_LogoutUser -->
