<?xml version="1.0" encoding="UTF-8"?>
<!-- Generated by org.testng.reporters.JUnitReportReporter -->
<testsuite hostname="DESKTOP-V7PNRA7" failures="0" tests="9" name="tests.TC04_LogoutUser" time="42.314" errors="0" timestamp="2023-06-13T15:41:00 CST" skipped="0">
  <testcase classname="tests.TC04_LogoutUser" name="S001_GoWebpage" time="5.877"/>
  <system-out>
    <![CDATA[The webpage loads correctly<br>]]>
  </system-out>
  <testcase classname="tests.TC04_LogoutUser" name="S002_CreateUser" time="11.715"/>
  <system-out>
    <![CDATA[The account is created<br>]]>
  </system-out>
  <testcase classname="tests.TC04_LogoutUser" name="S003_LoginName" time="4.032"/>
  <system-out>
    <![CDATA[The name is showed<br>]]>
  </system-out>
  <testcase classname="tests.TC04_LogoutUser" name="S007_Logout" time="1.770"/>
  <system-out>
    <![CDATA[The Login form appears<br>]]>
  </system-out>
  <testcase classname="tests.TC04_LogoutUser" name="S005_GoHome" time="3.452"/>
  <system-out>
    <![CDATA[The webpage loads correctly<br>]]>
  </system-out>
  <testcase classname="tests.TC04_LogoutUser" name="S006_GoLogin" time="2.508"/>
  <system-out>
    <![CDATA[Login correctly<br>]]>
  </system-out>
  <testcase classname="tests.TC04_LogoutUser" name="S007_TypeEmail" time="6.826"/>
  <system-out>
    <![CDATA[The Login was Succesfull<br>]]>
  </system-out>
  <testcase classname="tests.TC04_LogoutUser" name="S008_LoginName" time="3.193"/>
  <system-out>
    <![CDATA[The name is showed<br>]]>
  </system-out>
  <testcase classname="tests.TC04_LogoutUser" name="S009_Logout" time="2.941"/>
  <system-out>
    <![CDATA[Login correctly<br>]]>
  </system-out>
</testsuite> <!-- tests.TC04_LogoutUser -->
