<?xml version="1.0" encoding="UTF-8"?>
<!-- Generated by org.testng.reporters.JUnitReportReporter -->
<testsuite hostname="DESKTOP-V7PNRA7" failures="0" tests="3" name="tests.TC25_ScrollDownAndArrow" time="3.785" errors="0" timestamp="2023-06-14T12:38:29 CST" skipped="0">
  <testcase classname="tests.TC25_ScrollDownAndArrow" name="S001_MainPage" time="3.209"/>
  <system-out>
    <![CDATA[The webpage loads correctly<br>]]>
  </system-out>
  <testcase classname="tests.TC25_ScrollDownAndArrow" name="S002_SuscriptionDisplay" time="0.112"/>
  <system-out>
    <![CDATA[Subscription Input Showed Correctly  <br>]]>
  </system-out>
  <testcase classname="tests.TC25_ScrollDownAndArrow" name="S003_UpPage" time="0.464"/>
  <system-out>
    <![CDATA[The Top Page Shows correctly<br>]]>
  </system-out>
</testsuite> <!-- tests.TC25_ScrollDownAndArrow -->
